[H[2J[3J[0m[ INFO] [1636366901.370662300]: [cluedo_oracle] reading from fiile [/root/ws_experimental_robotics_lab_assignment_1/src/assignment_1/robocluedo/config/cluedo_items/cluedo_who.txt] [0m
[0m[ INFO] [1636366901.371338200]: [cluedo_oracle] line[1] READ [green] [0m
[0m[ INFO] [1636366901.371370000]: [cluedo_oracle] line[2] READ [plum] [0m
[0m[ INFO] [1636366901.371399800]: [cluedo_oracle] line[3] READ [mustard] [0m
[0m[ INFO] [1636366901.371428300]: [cluedo_oracle] line[4] READ [peacock] [0m
[0m[ INFO] [1636366901.371458200]: [cluedo_oracle] line[5] READ [scarlett] [0m
[0m[ INFO] [1636366901.371486500]: [cluedo_oracle] line[6] READ [white] [0m
[0m[ INFO] [1636366901.371517000]: [cluedo_oracle] closing file ...[0m
[0m[ INFO] [1636366901.371554200]: [cluedo_oracle] reading from fiile [/root/ws_experimental_robotics_lab_assignment_1/src/assignment_1/robocluedo/config/cluedo_items/cluedo_where.txt] [0m
[0m[ INFO] [1636366901.371592000]: [cluedo_oracle] line[1] READ [conservatory] [0m
[0m[ INFO] [1636366901.371621000]: [cluedo_oracle] line[2] READ [lounge] [0m
[0m[ INFO] [1636366901.371649800]: [cluedo_oracle] line[3] READ [kitchen] [0m
[0m[ INFO] [1636366901.371678000]: [cluedo_oracle] line[4] READ [library] [0m
[0m[ INFO] [1636366901.371706200]: [cluedo_oracle] line[5] READ [hall] [0m
[0m[ INFO] [1636366901.371735000]: [cluedo_oracle] line[6] READ [study] [0m
[0m[ INFO] [1636366901.371762600]: [cluedo_oracle] line[7] READ [bathroom] [0m
[0m[ INFO] [1636366901.371790500]: [cluedo_oracle] line[8] READ [diningRoom] [0m
[0m[ INFO] [1636366901.371818100]: [cluedo_oracle] line[9] READ [billiardRoom] [0m
[0m[ INFO] [1636366901.371849400]: [cluedo_oracle] closing file ...[0m
[0m[ INFO] [1636366901.371887100]: [cluedo_oracle] reading from fiile [/root/ws_experimental_robotics_lab_assignment_1/src/assignment_1/robocluedo/config/cluedo_items/cluedo_what.txt] [0m
[0m[ INFO] [1636366901.371923900]: [cluedo_oracle] line[1] READ [candlestick] [0m
[0m[ INFO] [1636366901.371952700]: [cluedo_oracle] line[2] READ [dagger] [0m
[0m[ INFO] [1636366901.371981900]: [cluedo_oracle] line[3] READ [leadPipe] [0m
[0m[ INFO] [1636366901.372010400]: [cluedo_oracle] line[4] READ [revolver] [0m
[0m[ INFO] [1636366901.372037600]: [cluedo_oracle] line[5] READ [rope] [0m
[0m[ INFO] [1636366901.372065900]: [cluedo_oracle] line[6] READ [spanner] [0m
[0m[ INFO] [1636366901.372094800]: [cluedo_oracle] closing file ...[0m
[0m[ INFO] [1636366901.372620600]: [cluedo_oracle] found a max number of hypotheses: 15[0m
[0m[ INFO] [1636366901.372656400]: [cluedo_oracle] case generation started [0m
[0m[ INFO] [1636366901.372695800]: [cluedo_oracle] the solution is (where:hall, who:peacock, what:leadPipe)[0m
[0m[ INFO] [1636366901.372724400]: [cluedo_oracle] the solution has ID:0[0m
[0m[ INFO] [1636366901.372781700]: [cluedo_oracle] hints generation finished. Generated: 65 hints[0m
[0m[ INFO] [1636366901.372818800]: [cluedo_oracle] subscribing to the topic [/hint_signal] ...[0m
[0m[ INFO] [1636366901.374374900]: [cluedo_oracle] subscribing to the topic [/hint_signal] ... OK[0m
[0m[ INFO] [1636366901.374407500]: [cluedo_oracle] Creating publisher [/hint] ...[0m
[0m[ INFO] [1636366901.374805800]: [cluedo_oracle] Creating publisher [/hint] ... OK[0m
[0m[ INFO] [1636366901.374840300]: [cluedo_oracle] Advertising service [/check_solution] ...[0m
[0m[ INFO] [1636366901.375263500]: [cluedo_oracle] Advertising service [/check_solution] ... OK[0m
[0m[ INFO] [1636366901.375295600]: [cluedo_oracle] ready![0m
[0m[ INFO] [1636366903.970142800]: [cluedo_oracle] publishing hint (ID:5, PROP:who, VALUE:white)[0m
[0m[ INFO] [1636366905.152563900]: [cluedo_oracle] publishing hint (ID:9, PROP:where, VALUE:library)[0m
[0m[ INFO] [1636366906.269187400]: [cluedo_oracle] publishing hint (ID:13, PROP:where, VALUE:study)[0m
[0m[ INFO] [1636366907.398579200]: [cluedo_oracle] publishing hint (ID:1, PROP:what, VALUE:leadPipe)[0m
[0m[ INFO] [1636366908.578678400]: [cluedo_oracle] publishing hint (ID:9, PROP:who, VALUE:mus[INFO] [1636366902.033401]: [robocluedo_main] calling service /go_to ...
[INFO] [1636366902.035449]: [robocluedo_main] OK
[INFO] [1636366902.036297]: [robocluedo_main] calling service /random_room ...
[INFO] [1636366902.038005]: [robocluedo_main] OK
[INFO] [1636366902.039016]: [robocluedo_main] subscribing to /hint ...
[INFO] [1636366902.040805]: [robocluedo_main] OK
[INFO] [1636366902.041872]: [robocluedo_main] calling service /check_solution ...
[INFO] [1636366902.044253]: [robocluedo_main] OK
[INFO] [1636366902.044992]: [robocluedo_main] calling service /cluedo_armor/add_hint ...
[INFO] [1636366902.950320]: [robocluedo_main] OK
[INFO] [1636366902.951119]: [robocluedo_main] calling service /cluedo_armor/find_consistent_h ...
[INFO] [1636366902.952814]: [robocluedo_main] OK
[INFO] [1636366902.953596]: [robocluedo_main] calling service /cluedo_armor/wrong_hypothesis ...
[INFO] [1636366902.955324]: [robocluedo_main] OK
[INFO] [1636366902.956123]: [robocluedo_main] asking for service [/cluedo_armor/backup] ...
[INFO] [1636366902.957736]: [robocluedo_main] OK!
[INFO] [1636366902.962158]: [robocluedo_main] starting the FSM...
[INFO] [1636366902.963064]: State machine starting in initial state 'robocluedo_random_target' with userdata: 
	[]
[INFO] [1636366902.965962]: [state:random_target] actual position: bathroom | random target: bathroom
[INFO] [1636366902.966714]: State machine transitioning 'robocluedo_random_target':'move_robot'-->'robocluedo_moving'
[INFO] [1636366903.970182]: [state:moving] reached position: bathroom 
[INFO] [1636366903.971199]: State machine transitioning 'robocluedo_moving':'target_reached_no_charge'-->'robocluedo_listening_for_hints'
[INFO] [1636366903.972086]: [state:listening_for_hints] received a hint
[INFO] [1636366903.972955]: State machine transitioning 'robocluedo_listening_for_hints':'received_a_hint'-->'robocluedo_update_ontology'
[INFO] [1636366903.973808]: [state:update_ontology] received hint: HP5(who:white)
[INFO] [1636366904.037751]: [state:update_ontology] writing backup of the ontology...
[INFO] [1636366904.129159]: [state:update_ontology] ontology saved
[INFO] [1636366904.130316]: State machine transitioning 'robocluedo_update_ontology':'done'-->'robocluedo_reasoning'
[INFO] [1636366904.146757]: State machine transitioning 'robocluedo_reasoning':'no_consistent_hp'-->'robocluedo_random_target'
[INFO] [1636366904.149280]: [state:random_target] actual position: bathroom | random target: lounge
[INFO] [1636366904.150141]: State machine transitioning 'robocluedo_random_target':'move_robot'-->'robocluedo_moving'
[INFO] [1636366905.152657]: [state:moving] reached position: lounge 
[INFO] [1636366905.154130]: State machine transitioning 'robocluedo_moving':'target_reached_no_charge'-->'robocluedo_listening_for_hints'
[INFO] [1636366905.155396]: [state:listening_for_hints] received a hint
[INFO] [1636366905.156475]: State machine transitioning 'robocluedo_listening_for_hints':'received_a_hint'-->'robocluedo_update_ontology'
[INFO] [1636366905.157416]: [state:update_ontology] received hint: HP9(where:library)
[INFO] [1636366905.207767]: [state:update_ontology] writing backup of the ontology...
[INFO] [1636366905.240805]: [state:update_ontology] ontology saved
[INFO] [1636366905.242757]: State machine transitioning 'robocluedo_update_ontology':'done'-->'robocluedo_reasoning'
[INFO] [1636366905.262803]: State machine transitioning 'robocluedo_reasoning':'no_consistent_hp'-->'robocluedo_random_target'
[INFO] [1636366905.265598]: [state:random_target] actual position: lounge | random target: conservatory
[INFO] [1636366905.266497]: State machine transitioning 'robocluedo_random_target':'move_robot'-->'robocluedo_moving'
[INFO] [1636366906.269189]: [state:moving] reached position: conservatory 
[INFO] [1636366906.270488]: State machine transitioning 'robocluedo_moving':'target_reached_no_charge'-->'robocluedo_listening_for_hints'
[INFO] [1636366906.271288]: [state:listening_for_hints] received a hint
[INFO] [1636366906.272283]: State machine transitioning 'robocluedo_listening_for_hints':'received_a_hint'-->'robocluedo_update_ontology'
[INFO] [1636366906.273118]: [state:update_ontology] received hint: HP13(where:study)
[INFO] [1636366906.332644]: [state:update_ontology] writing backup of the ontology...
[INFO] [1636366906.369546]: [state:update_ontology] ontology saved
[INFO] [1636366906.370849]: State machine transitioning 'robocluedo_update_ontology':'done'-->'robocluedo_reasoning'
[INFO] [1636366906.391996]: State machine transitioning 'robocluedo_reasoning':'no_consistent_hp'-->'robocluedo_random_target'
[INFO] [1636366906.394887]: [state:random_target] actual position: conservatory | random target: billiardRoom
[INFO] [1636366906.395836]: State machine transitioning 'robocluedo_random_target':'move_robot'-->'robocluedo_moving'
[INFO] [1636366907.399658]: [state:moving] reached position: billiardRoom 
[INFO] [1636366907.403835]: State machine transitioning 'robocluedo_moving':'target_reached_no_charge'-->'robocluedo_listening_for_hints'
[INFO] [1636366907.405997]: [state:listening_for_hints] received a hint
[INFO] [1636366907.408780]: State machine transitioning 'robocluedo_listening_for_hints':'received_a_hint'-->'robocluedo_update_ontology'
[INFO] [1636366907.410455]: [state:update_ontology] received hint: HP1(what:leadPipe)
[INFO] [1636366907.503281]: [state:update_ontology] writing backup of the ontology...
[INFO] [1636366907.546526]: [state:update_ontology] ontology saved
[INFO] [1636366907.547911]: State machine transitioning 'robocluedo_update_ontology':'done'-->'robocluedo_reasoning'
[INFO] [1636366907.570569]: State machine transitioning 'robocluedo_reasoning':'no_consistent_hp'-->'robocluedo_random_target'
[INFO] [1636366907.573488]: [state:random_target] actual position: billiardRoom | random target: library
[INFO] [1636366907.574865]: State machine transitioning 'robocluedo_random_target':'move_robot'-->'robocluedo_moving'
[INFO] [1636366908.578748]: [state:moving] reached position: library 
[INFO] [1636366908.582367]: State machine transitioning 'robocluedo_moving':'target_reached_no_charge'-->'robocluedo_listening_for_hints'
[INFO] [1636366908.585258]: [state:listening_for_hints] received a hint
[INFO] [1636366908.586976]: State machine transitioning 'robocluedo_listening_for_hints':'received_a_hint'-->'robocluedo_update_ontology'
[INFO] [1636366908.588226]: [state:update_ontology] received hint: HP9(who:mustard)
[INFO] [1636366908.662136]: [state:update_ontology] writing backup of the ontology...
[INFO] [1636366908.700300]: [state:update_ontology] ontology saved
[INFO] [1636366908.701573]: State machine transitioning 'robocluedo_update_ontology':'done'-->'robocluedo_reasoning'
[INFO] [1636366908.717636]: State machine transitioning 'robocluedo_reasoning':'no_consistent_hp'-->'robocluedo_random_target'
[INFO] [1636366908.720897]: [state:random_target] actual position: library | random target: kitchen
[INFO] [1636366908.721803]: State machine transitioning 'robocluedo_random_target':'move_robot'-->'robocluedo_moving'
[INFO] [1636366909.724805]: [state:moving] reached position: kitchen 
[INFO] [1636366909.726083]: State machine transitioning 'robocluedo_moving':'target_reached_no_charge'-->'robocluedo_listening_for_hints'
[INFO] [1636366909.727779]: [state:listening_for_hints] no new hints
[INFO] [1636366909.728612]: State machine transitioning 'robocluedo_listening_for_hints':'no_hints'-->'robocluedo_reasoning'
[INFO] [1636366909.752766]: State machine transitioning 'robocluedo_reasoning':'no_consistent_hp'-->'robocluedo_random_target'
[INFO] [1636366909.756005]: [state:random_target] actual position: kitchen | random target: bathroom
[INFO] [1636366909.757448]: State machine transitioning 'robocluedo_random_target':'move_robot'-->'robocluedo_moving'
[INFO] [1636366910.761467]: [state:moving] reached position: bathroom 
[INFO] [1636366910.762881]: State machine transitioning 'robocluedo_moving':'target_reached_no_charge'-->'robocluedo_listening_for_hints'
[INFO] [1636366910.763799]: [state:listening_for_hints] received a hint
[INFO] [1636366910.764537]: State machine transitioning 'robocluedo_listening_for_hints':'received_a_hint'-->'robocluedo_update_ontology'
[INFO] [1636366910.765424]: [state:update_ontology] received hint: HP1(who:white)
[INFO] [1636366910.791445]: [state:update_ontology] writing backup of the ontology...
[INFO] [1636366910.828044]: [state:update_ontology] ontology saved
[INFO] [1636366910.829754]: State machine transitioning 'robocluedo_update_ontology':'done'-->'robocluedo_reasoning'
[INFO] [1636366910.847736]: State machine transitioning 'robocluedo_reasoning':'no_consistent_hp'-->'robocluedo_random_target'
[INFO] [1636366910.851602]: [state:random_target] actual position: bathroom | random target: billiardRoom
[INFO] [1636366910.852962]: State machine transitioning 'robocluedo_random_target':'move_robot'-->'robocluedo_moving'
[INFO] [1636366911.856349]: [state:moving] reached position: billiardRoom 
[INFO] [1636366911.857565]: State machine transitioning 'robocluedo_moving':'target_reached_no_charge'-->'robocluedo_listening_for_hints'
[INFO] [1636366911.858387]: [state:listening_for_hints] received a hint
[INFO] [1636366911.859054]: State machine transitioning 'robocluedo_listening_for_hints':'received_a_hint'-->'robocluedo_update_ontology'
[INFO] [1636366911.859704]: [state:update_ontology] received hint: HP12(where:billiardRoom)
[INFO] [1636366911.917302]: [state:update_ontology] writing backup of the ontology...
[INFO] [1636366911.951293]: [state:update_ontology] ontology saved
[INFO] [1636366911.952493]: State machine transitioning 'robocluedo_update_ontology':'done'-->'robocluedo_reasoning'
[INFO] [1636366911.966938]: State machine transitioning 'robocluedo_reasoning':'no_consistent_hp'-->'robocluedo_random_target'
[INFO] [1636366911.970215]: [state:random_target] actual position: billiardRoom | random target: bathroom
[INFO] [1636366911.971131]: State machine transitioning 'robocluedo_random_target':'move_robot'-->'robocluedo_moving'
[INFO] [1636366912.974390]: [state:moving] reached position: bathroom 
[INFO] [1636366912.975522]: State machine transitioning 'robocluedo_moving':'target_reached_no_charge'-->'robocluedo_listening_for_hints'
[INFO] [1636366912.976353]: [state:listening_for_hints] received a hint
[INFO] [1636366912.977109]: State machine transitioning 'robocluedo_listening_for_hints':'received_a_hint'-->'robocluedo_update_ontology'
[INFO] [1636366912.977913]: [state:update_ontology] received hint: HP5(what:spanner)
[INFO] [1636366913.030234]: [state:update_ontology] writing backup of the ontology...
[INFO] [1636366913.067949]: [state:update_ontology] ontology saved
[INFO] [1636366913.069086]: State machine transitioning 'robocluedo_update_ontology':'done'-->'robocluedo_reasoning'
[INFO] [1636366913.081333]: State machine transitioning 'robocluedo_reasoning':'no_consistent_hp'-->'robocluedo_random_target'
[INFO] [1636366913.083831]: [state:random_target] actual position: bathroom | random target: diningRoom
[INFO] [1636366913.084775]: State machine transitioning 'robocluedo_random_target':'move_robot'-->'robocluedo_moving'
[INFO] [1636366914.087147]: [state:moving] reached position: diningRoom 
[INFO] [1636366914.088688]: State machine transitioning 'robocluedo_moving':'target_reached_no_charge'-->'robocluedo_listening_for_hints'
[INFO] [1636366914.089846]: [state:listening_for_hints] no new hints
[INFO] [1636366914.090930]: State machine transitioning 'robocluedo_listening_for_hints':'no_hints'-->'robocluedo_reasoning'
[INFO] [1636366914.104920]: State machine transitioning 'robocluedo_reasoning':'no_consistent_hp'-->'robocluedo_random_target'
[INFO] [1636366914.109380]: [state:random_target] actual position: diningRoom | random target: library
[INFO] [1636366914.110655]: State machine transitioning 'robocluedo_random_target':'move_robot'-->'robocluedo_moving'
[INFO] [1636366915.114211]: [state:moving] reached position: library 
[INFO] [1636366915.115859]: State machine transitioning 'robocluedo_moving':'target_reached_no_charge'-->'robocluedo_listening_for_hints'
[INFO] [1636366915.117250]: [state:listening_for_hints] no new hints
[INFO] [1636366915.118352]: State machine transitioning 'robocluedo_listening_for_hints':'no_hints'-->'robocluedo_reasoning'
[INFO] [1636366915.129199]: State machine transitioning 'robocluedo_reasoning':'no_consistent_hp'-->'robocluedo_random_target'
[INFO] [1636366915.132159]: [state:random_target] actual position: library | random target: study
[INFO] [1636366915.133016]: State machine transitioning 'robocluedo_random_target':'move_robot'-->'robocluedo_moving'
[INFO] [1636366916.135608]: [state:moving] reached position: study 
[INFO] [1636366916.136851]: State machine transitioning 'robocluedo_moving':'target_reached_no_charge'-->'robocluedo_listening_for_hints'
[INFO] [1636366916.138057]: [state:listening_for_hints] received a hint
[INFO] [1636366916.138932]: State machine transitioning 'robocluedo_listening_for_hints':'received_a_hint'-->'robocluedo_update_ontology'
[INFO] [1636366916.139708]: [state:update_ontology] received hint: HP7(where:hall)
[INFO] [1636366916.195914]: [state:update_ontology] writing backup of the ontology...
[INFO] [1636366916.231539]: [state:update_ontology] ontology saved
[INFO] [1636366916.232620]: State machine transitioning 'robocluedo_update_ontology':'done'-->'robocluedo_reasoning'
[INFO] [1636366916.247482]: State machine transitioning 'robocluedo_reasoning':'no_consistent_hp'-->'robocluedo_random_target'
[INFO] [1636366916.251036]: [state:random_target] actual position: study | random target: diningRoom
[INFO] [1636366916.252752]: State machine transitioning 'robocluedo_random_target':'move_robot'-->'robocluedo_moving'
[INFO] [1636366917.256618]: [state:moving] reached position: diningRoom 
[INFO] [1636366917.258079]: State machine transitioning 'robocluedo_moving':'target_reached_no_charge'-->'robocluedo_listening_for_hints'
[INFO] [1636366917.259107]: [state:listening_for_hints] no new hints
[INFO] [1636366917.259890]: State machine transitioning 'robocluedo_listening_for_hints':'no_hints'-->'robocluedo_reasoning'
[INFO] [1636366917.272971]: State machine transitioning 'robocluedo_reasoning':'no_consistent_hp'-->'robocluedo_random_target'
[INFO] [1636366917.275810]: [state:random_target] actual position: diningRoom | random target: lounge
[INFO] [1636366917.276836]: State machine transitioning 'robocluedo_random_target':'move_robot'-->'robocluedo_moving'
[INFO] [1636366918.279631]: [state:moving] reached position: lounge 
[INFO] [1636366918.280612]: State machine transitioning 'robocluedo_moving':'target_reached_no_charge'-->'robocluedo_listening_for_hints'
[INFO] [1636366918.281413]: [state:listening_for_hints] no new hints
[INFO] [1636366918.282169]: State machine transitioning 'robocluedo_listening_for_hints':'no_hints'-->'robocluedo_reasoning'
[INFO] [1636366918.292242]: State machine transitioning 'robocluedo_reasoning':'no_consistent_hp'-->'robocluedo_random_target'
[INFO] [1636366918.295448]: [state:random_target] actual position: lounge | random target: bathroom
[INFO] [1636366918.296294]: State machine transitioning 'robocluedo_random_target':'move_robot'-->'robocluedo_moving'
[INFO] [1636366919.298784]: [state:moving] reached position: bathroom 
[INFO] [1636366919.299789]: State machine transitioning 'robocluedo_moving':'target_reached_no_charge'-->'robocluedo_listening_for_hints'
[INFO] [1636366919.300672]: [state:listening_for_hints] no new hints
[INFO] [1636366919.301619]: State machine transitioning 'robocluedo_listening_for_hints':'no_hints'-->'robocluedo_reasoning'
[INFO] [1636366919.313546]: State machine transitioning 'robocluedo_reasoning':'no_consistent_hp'-->'robocluedo_random_target'
[INFO] [1636366919.316086]: [state:random_target] actual position: bathroom | random target: lounge
[INFO] [1636366919.316961]: State machine transitioning 'robocluedo_random_target':'move_robot'-->'robocluedo_moving'
[INFO] [1636366920.319844]: [state:moving] reached position: lounge 
[INFO] [1636366920.321045]: State machine transitioning 'robocluedo_moving':'target_reached_no_charge'-->'robocluedo_listening_for_hints'
[INFO] [1636366920.322026]: [state:listening_for_hints] no new hints
[INFO] [1636366920.323202]: State machine transitioning 'robocluedo_listening_for_hints':'no_hints'-->'robocluedo_reasoning'
[INFO] [1636366920.334585]: State machine transitioning 'robocluedo_reasoning':'no_consistent_hp'-->'robocluedo_random_target'
[INFO] [1636366920.337154]: [state:random_target] actual position: lounge | random target: bathroom
[INFO] [1636366920.337951]: State machine transitioning 'robocluedo_random_target':'move_robot'-->'robocluedo_moving'
[INFO] [1636366921.340688]: [state:moving] reached position: bathroom 
[INFO] [1636366921.341862]: State machine transitioning 'robocluedo_moving':'target_reached_no_charge'-->'robocluedo_listening_for_hints'
[INFO] [1636366921.342784]: [state:listening_for_hints] no new hints
[INFO] [1636366921.343647]: State machine transitioning 'robocluedo_listening_for_hints':'no_hints'-->'robocluedo_reasoning'
[INFO] [1636366921.356966]: State machine transitioning 'robocluedo_reasoning':'no_consistent_hp'-->'robocluedo_random_target'
[INFO] [1636366921.360911]: [state:random_target] actual position: bathroom | random target: hall
[INFO] [1636366921.362302]: State machine transitioning 'robocluedo_random_target':'move_robot'-->'robocluedo_moving'
[INFO] [1636366922.365387]: [state:moving] reached position: hall 
[INFO] [1636366922.366648]: State machine transitioning 'robocluedo_moving':'target_reached_no_charge'-->'robocluedo_listening_for_hints'
[INFO] [1636366922.367526]: [state:listening_for_hints] received a hint
[INFO] [1636366922.368281]: State machine transitioning 'robocluedo_listening_for_hints':'received_a_hint'-->'robocluedo_update_ontology'
[INFO] [1636366922.369087]: [state:update_ontology] received hint: HP0(who:peacock)
[INFO] [1636366922.416133]: [state:update_ontology] writing backup of the ontology...
[INFO] [1636366922.445395]: [state:update_ontology] ontology saved
[INFO] [1636366922.446409]: State machine transitioning 'robocluedo_update_ontology':'done'-->'robocluedo_reasoning'
[INFO] [1636366922.458584]: State machine transitioning 'robocluedo_reasoning':'no_consistent_hp'-->'robocluedo_random_target'
[INFO] [1636366922.461111]: [state:random_target] actual position: hall | random target: lounge
[INFO] [1636366922.461948]: State machine transitioning 'robocluedo_random_target':'move_robot'-->'robocluedo_moving'
[INFO] [1636366923.464661]: [state:moving] reached position: lounge 
[INFO] [1636366923.466184]: State machine transitioning 'robocluedo_moving':'target_reached_no_charge'-->'robocluedo_listening_for_hints'
[INFO] [1636366923.467398]: [state:listening_for_hints] no new hints
[INFO] [1636366923.468197]: State machine transitioning 'robocluedo_listening_for_hints':'no_hints'-->'robocluedo_reasoning'
[INFO] [1636366923.483197]: State machine transitioning 'robocluedo_reasoning':'no_consistent_hp'-->'robocluedo_random_target'
[INFO] [1636366923.485415]: [state:random_target] actual position: lounge | random target: diningRoom
[INFO] [1636366923.486276]: State machine transitioning 'robocluedo_random_target':'move_robot'-->'robocluedo_moving'
[INFO] [1636366924.488792]: [state:moving] reached position: diningRoom 
[INFO] [1636366924.489950]: State machine transitioning 'robocluedo_moving':'target_reached_no_charge'-->'robocluedo_listening_for_hints'
[INFO] [1636366924.490909]: [state:listening_for_hints] no new hints
[INFO] [1636366924.491617]: State machine transitioning 'robocluedo_listening_for_hints':'no_hints'-->'robocluedo_reasoning'
[INFO] [1636366924.501362]: State machine transitioning 'robocluedo_reasoning':'no_consistent_hp'-->'robocluedo_random_target'
[INFO] [1636366924.503698]: [state:random_target] actual position: diningRoom | random target: kitchen
[INFO] [1636366924.504472]: State machine transitioning 'robocluedo_random_target':'move_robot'-->'robocluedo_moving'
[INFO] [1636366925.507039]: [state:moving] reached position: kitchen 
[INFO] [1636366925.508289]: State machine transitioning 'robocluedo_moving':'target_reached_no_charge'-->'robocluedo_listening_for_hints'
[INFO] [1636366925.509197]: [state:listening_for_hints] no new hints
[INFO] [1636366925.509978]: State machine transitioning 'robocluedo_listening_for_hints':'no_hints'-->'robocluedo_reasoning'
[INFO] [1636366925.520921]: State machine transitioning 'robocluedo_reasoning':'no_consistent_hp'-->'robocluedo_random_target'
[INFO] [1636366925.523582]: [state:random_target] actual position: kitchen | random target: library
[INFO] [1636366925.524641]: State machine transitioning 'robocluedo_random_target':'move_robot'-->'robocluedo_moving'
[INFO] [1636366926.527302]: [state:moving] reached position: library 
[INFO] [1636366926.528362]: State machine transitioning 'robocluedo_moving':'target_reached_no_charge'-->'robocluedo_listening_for_hints'
[INFO] [1636366926.529229]: [state:listening_for_hints] no new hints
[INFO] [1636366926.529995]: State machine transitioning 'robocluedo_listening_for_hints':'no_hints'-->'robocluedo_reasoning'
[INFO] [1636366926.540004]: State machine transitioning 'robocluedo_reasoning':'no_consistent_hp'-->'robocluedo_random_target'
[INFO] [1636366926.542326]: [state:random_target] actual position: library | random target: study
[INFO] [1636366926.543128]: State machine transitioning 'robocluedo_random_target':'move_robot'-->'robocluedo_moving'
[INFO] [1636366927.545655]: [state:moving] reached position: study 
[INFO] [1636366927.546853]: State machine transitioning 'robocluedo_moving':'target_reached_no_charge'-->'robocluedo_listening_for_hints'
[INFO] [1636366927.547782]: [state:listening_for_hints] no new hints
[INFO] [1636366927.548746]: State machine transitioning 'robocluedo_listening_for_hints':'no_hints'-->'robocluedo_reasoning'
[INFO] [1636366927.559714]: State machine transitioning 'robocluedo_reasoning':'no_consistent_hp'-->'robocluedo_random_target'
[INFO] [1636366927.562951]: [state:random_target] actual position: study | random target: lounge
[INFO] [1636366927.563870]: State machine transitioning 'robocluedo_random_target':'move_robot'-->'robocluedo_moving'
[INFO] [1636366928.566594]: [state:moving] reached position: lounge 
[INFO] [1636366928.567809]: State machine transitioning 'robocluedo_moving':'target_reached_no_charge'-->'robocluedo_listening_for_hints'
[INFO] [1636366928.568937]: [state:listening_for_hints] no new hints
[INFO] [1636366928.569721]: State machine transitioning 'robocluedo_listening_for_hints':'no_hints'-->'robocluedo_reasoning'
[INFO] [1636366928.580215]: State machine transitioning 'robocluedo_reasoning':'no_consistent_hp'-->'robocluedo_random_target'
[INFO] [1636366928.583119]: [state:random_target] actual position: lounge | random target: kitchen
[INFO] [1636366928.584154]: State machine transitioning 'robocluedo_random_target':'move_robot'-->'robocluedo_moving'
[INFO] [1636366929.587053]: [state:moving] reached position: kitchen 
[INFO] [1636366929.588210]: State machine transitioning 'robocluedo_moving':'target_reached_no_charge'-->'robocluedo_listening_for_hints'
[INFO] [1636366929.589103]: [state:listening_for_hints] received a hint
[INFO] [1636366929.589813]: State machine transitioning 'robocluedo_listening_for_hints':'received_a_hint'-->'robocluedo_update_ontology'
[INFO] [1636366929.590717]: [state:update_ontology] received hint: HP8(what:candlestick)
[INFO] [1636366929.640568]: [state:update_ontology] writing backup of the ontology...
[INFO] [1636366929.670546]: [state:update_ontology] ontology saved
[INFO] [1636366929.671849]: State machine transitioning 'robocluedo_update_ontology':'done'-->'robocluedo_reasoning'
[INFO] [1636366929.684831]: State machine transitioning 'robocluedo_reasoning':'no_consistent_hp'-->'robocluedo_random_target'
[INFO] [1636366929.687930]: [state:random_target] actual position: kitchen | random target: diningRoom
[INFO] [1636366929.688944]: State machine transitioning 'robocluedo_random_target':'move_robot'-->'robocluedo_moving'
[INFO] [1636366930.691776]: [state:moving] reached position: diningRoom 
[INFO] [1636366930.693381]: State machine transitioning 'robocluedo_moving':'target_reached_no_charge'-->'robocluedo_listening_for_hints'
[INFO] [1636366930.695120]: [state:listening_for_hints] received a hint
[INFO] [1636366930.696234]: State machine transitioning 'robocluedo_listening_for_hints':'received_a_hint'-->'robocluedo_update_ontology'
[INFO] [1636366930.698185]: [state:update_ontology] received hint: HP4(where:bathroom)
[INFO] [1636366930.761977]: [state:update_ontology] writing backup of the ontology...
[INFO] [1636366930.795577]: [state:update_ontology] ontology saved
[INFO] [1636366930.796736]: State machine transitioning 'robocluedo_update_ontology':'done'-->'robocluedo_reasoning'
[INFO] [1636366930.808388]: State machine transitioning 'robocluedo_reasoning':'no_consistent_hp'-->'robocluedo_random_target'
[INFO] [1636366930.811151]: [state:random_target] actual position: diningRoom | random target: lounge
[INFO] [1636366930.812017]: State machine transitioning 'robocluedo_random_target':'move_robot'-->'robocluedo_moving'
[INFO] [1636366931.814757]: [state:moving] reached position: lounge 
[INFO] [1636366931.815956]: State machine transitioning 'robocluedo_moving':'target_reached_no_charge'-->'robocluedo_listening_for_hints'
[INFO] [1636366931.816847]: [state:listening_for_hints] no new hints
[INFO] [1636366931.817782]: State machine transitioning 'robocluedo_listening_for_hints':'no_hints'-->'robocluedo_reasoning'
[INFO] [1636366931.830203]: State machine transitioning 'robocluedo_reasoning':'no_consistent_hp'-->'robocluedo_random_target'
[INFO] [1636366931.833610]: [state:random_target] actual position: lounge | random target: diningRoom
[INFO] [1636366931.834462]: State machine transitioning 'robocluedo_random_target':'move_robot'-->'robocluedo_moving'
[INFO] [1636366932.837249]: [state:moving] reached position: diningRoom 
[INFO] [1636366932.838298]: State machine transitioning 'robocluedo_moving':'target_reached_no_charge'-->'robocluedo_listening_for_hints'
[INFO] [1636366932.839036]: [state:listening_for_hints] no new hints
[INFO] [1636366932.839963]: State machine transitioning 'robocluedo_listening_for_hints':'no_hints'-->'robocluedo_reasoning'
[INFO] [1636366932.849897]: State machine transitioning 'robocluedo_reasoning':'no_consistent_hp'-->'robocluedo_random_target'
[INFO] [1636366932.852195]: [state:random_target] actual position: diningRoom | random target: kitchen
[INFO] [1636366932.852907]: State machine transitioning 'robocluedo_random_target':'move_robot'-->'robocluedo_moving'
[INFO] [1636366933.855218]: [state:moving] reached position: kitchen 
[INFO] [1636366933.856472]: State machine transitioning 'robocluedo_moving':'target_reached_no_charge'-->'robocluedo_listening_for_hints'
[INFO] [1636366933.857481]: [state:listening_for_hints] received a hint
[INFO] [1636366933.858289]: State machine transitioning 'robocluedo_listening_for_hints':'received_a_hint'-->'robocluedo_update_ontology'
[INFO] [1636366933.859025]: [state:update_ontology] received hint: HP5(where:conservatory)
[INFO] [1636366933.920998]: [state:update_ontology] writing backup of the ontology...
[INFO] [1636366933.960500]: [state:update_ontology] ontology saved
[INFO] [1636366933.961672]: State machine transitioning 'robocluedo_update_ontology':'done'-->'robocluedo_reasoning'
[INFO] [1636366933.982545]: [state:reasoning] complete hypotheses found: 1
[INFO] [1636366933.983559]: [state:reasoning] HP5(who:white, where:conservatory, what:spanner)
[INFO] [1636366933.984311]: [state:reasoning] selected hyp. with tag: HP5 | actual position: kitchen
[INFO] [1636366933.985056]: State machine transitioning 'robocluedo_reasoning':'not_in_the_right_place'-->'robocluedo_moving'
[INFO] [1636366934.987877]: [state:moving] reached position: conservatory 
[INFO] [1636366934.989575]: State machine transitioning 'robocluedo_moving':'target_reached_ready_for_charge'-->'robocluedo_charge'
[INFO] [1636366934.990540]: [state:charge] asking to the oracle: (who:white, where:conservatory, what:spanner)
[INFO] [1636366934.992984]: [state:charge] WRONG hypothesis with tag: HP5
[INFO] [1636366934.998532]: [state:charge] exploring again...
[INFO] [1636366934.999500]: State machine transitioning 'robocluedo_charge':'wrong_hp'-->'robocluedo_listening_for_hints'
[INFO] [1636366935.000584]: [state:listening_for_hints] received a hint
[INFO] [1636366935.001479]: State machine transitioning 'robocluedo_listening_for_hints':'received_a_hint'-->'robocluedo_update_ontology'
[INFO] [1636366935.002375]: [state:update_ontology] received hint: HP8(what:leadPipe)
[INFO] [1636366935.015178]: [state:update_ontology] writing backup of the ontology...
[INFO] [1636366935.047862]: [state:update_ontology] ontology saved
[INFO] [1636366935.049604]: State machine transitioning 'robocluedo_update_ontology':'done'-->'robocluedo_reasoning'
[INFO] [1636366935.062149]: State machine transitioning 'robocluedo_reasoning':'no_consistent_hp'-->'robocluedo_random_target'
[INFO] [1636366935.065047]: [state:random_target] actual position: conservatory | random target: billiardRoom
[INFO] [1636366935.066117]: State machine transitioning 'robocluedo_random_target':'move_robot'-->'robocluedo_moving'
[INFO] [1636366936.068942]: [state:moving] reached position: billiardRoom 
[INFO] [1636366936.070222]: State machine transitioning 'robocluedo_moving':'target_reached_no_charge'-->'robocluedo_listening_for_hints'
[INFO] [1636366936.071227]: [state:listening_for_hints] no new hints
[INFO] [1636366936.071892]: State machine transitioning 'robocluedo_listening_for_hints':'no_hints'-->'robocluedo_reasoning'
[INFO] [1636366936.082894]: State machine transitioning 'robocluedo_reasoning':'no_consistent_hp'-->'robocluedo_random_target'
[INFO] [1636366936.085111]: [state:random_target] actual position: billiardRoom | random target: conservatory
[INFO] [1636366936.085941]: State machine transitioning 'robocluedo_random_target':'move_robot'-->'robocluedo_moving'
[INFO] [1636366937.088788]: [state:moving] reached position: conservatory 
[INFO] [1636366937.090225]: State machine transitioning 'robocluedo_moving':'target_reached_no_charge'-->'robocluedo_listening_for_hints'
[INFO] [1636366937.091101]: [state:listening_for_hints] received a hint
[INFO] [1636366937.091866]: State machine transitioning 'robocluedo_listening_for_hints':'received_a_hint'-->'robocluedo_update_ontology'
[INFO] [1636366937.092866]: [state:update_ontology] received hint: HP2(who:peacock)
[INFO] [1636366937.107376]: [state:update_ontology] writing backup of the ontology...
[INFO] [1636366937.135150]: [state:update_ontology] ontology saved
[INFO] [1636366937.136416]: State machine transitioning 'robocluedo_update_ontology':'done'-->'robocluedo_reasoning'
[INFO] [1636366937.147890]: State machine transitioning 'robocluedo_reasoning':'no_consistent_hp'-->'robocluedo_random_target'
[INFO] [1636366937.150623]: [state:random_target] actual position: conservatory | random target: diningRoom
[INFO] [1636366937.151443]: State machine transitioning 'robocluedo_random_target':'move_robot'-->'robocluedo_moving'
[INFO] [1636366938.154083]: [state:moving] reached position: diningRoom 
[INFO] [1636366938.155321]: State machine transitioning 'robocluedo_moving':'target_reached_no_charge'-->'robocluedo_listening_for_hints'
[INFO] [1636366938.156379]: [state:listening_for_hints] no new hints
[INFO] [1636366938.157150]: State machine transitioning 'robocluedo_listening_for_hints':'no_hints'-->'robocluedo_reasoning'
[INFO] [1636366938.166948]: State machine transitioning 'robocluedo_reasoning':'no_consistent_hp'-->'robocluedo_random_target'
[INFO] [1636366938.169297]: [state:random_target] actual position: diningRoom | random target: study
[INFO] [1636366938.170197]: State machine transitioning 'robocluedo_random_target':'move_robot'-->'robocluedo_moving'
[INFO] [1636366939.172841]: [state:moving] reached position: study 
[INFO] [1636366939.174288]: State machine transitioning 'robocluedo_moving':'target_reached_no_charge'-->'robocluedo_listening_for_hints'
[INFO] [1636366939.175162]: [state:listening_for_hints] received a hint
[INFO] [1636366939.175850]: State machine transitioning 'robocluedo_listening_for_hints':'received_a_hint'-->'robocluedo_update_ontology'
[INFO] [1636366939.177242]: [state:update_ontology] received hint: HP2(where:bathroom)
[INFO] [1636366939.192814]: [state:update_ontology] writing backup of the ontology...
[INFO] [1636366939.224413]: [state:update_ontology] ontology saved
[INFO] [1636366939.225752]: State machine transitioning 'robocluedo_update_ontology':'done'-->'robocluedo_reasoning'
[INFO] [1636366939.234891]: State machine transitioning 'robocluedo_reasoning':'no_consistent_hp'-->'robocluedo_random_target'
[INFO] [1636366939.237594]: [state:random_target] actual position: study | random target: diningRoom
[INFO] [1636366939.238414]: State machine transitioning 'robocluedo_random_target':'move_robot'-->'robocluedo_moving'
[INFO] [1636366940.241393]: [state:moving] reached position: diningRoom 
[INFO] [1636366940.242482]: State machine transitioning 'robocluedo_moving':'target_reached_no_charge'-->'robocluedo_listening_for_hints'
[INFO] [1636366940.243562]: [state:listening_for_hints] no new hints
[INFO] [1636366940.244652]: State machine transitioning 'robocluedo_listening_for_hints':'no_hints'-->'robocluedo_reasoning'
[INFO] [1636366940.252755]: State machine transitioning 'robocluedo_reasoning':'no_consistent_hp'-->'robocluedo_random_target'
[INFO] [1636366940.255047]: [state:random_target] actual position: diningRoom | random target: bathroom
[INFO] [1636366940.255838]: State machine transitioning 'robocluedo_random_target':'move_robot'-->'robocluedo_moving'
[INFO] [1636366941.258157]: [state:moving] reached position: bathroom 
[INFO] [1636366941.259238]: State machine transitioning 'robocluedo_moving':'target_reached_no_charge'-->'robocluedo_listening_for_hints'
[INFO] [1636366941.260099]: [state:listening_for_hints] no new hints
[INFO] [1636366941.261015]: State machine transitioning 'robocluedo_listening_for_hints':'no_hints'-->'robocluedo_reasoning'
[INFO] [1636366941.268899]: State machine transitioning 'robocluedo_reasoning':'no_consistent_hp'-->'robocluedo_random_target'
[INFO] [1636366941.271323]: [state:random_target] actual position: bathroom | random target: lounge
[INFO] [1636366941.272373]: State machine transitioning 'robocluedo_random_target':'move_robot'-->'robocluedo_moving'
[INFO] [1636366942.274805]: [state:moving] reached position: lounge 
[INFO] [1636366942.275982]: State machine transitioning 'robocluedo_moving':'target_reached_no_charge'-->'robocluedo_listening_for_hints'
[INFO] [1636366942.276824]: [state:listening_for_hints] received a hint
[INFO] [1636366942.277560]: State machine transitioning 'robocluedo_listening_for_hints':'received_a_hint'-->'robocluedo_update_ontology'
[INFO] [1636366942.278390]: [state:update_ontology] received hint: HP3(who:peacock)
[INFO] [1636366942.293833]: [state:update_ontology] writing backup of the ontology...
[INFO] [1636366942.324487]: [state:update_ontology] ontology saved
[INFO] [1636366942.325882]: State machine transitioning 'robocluedo_update_ontology':'done'-->'robocluedo_reasoning'
[INFO] [1636366942.342716]: State machine transitioning 'robocluedo_reasoning':'no_consistent_hp'-->'robocluedo_random_target'
[INFO] [1636366942.354890]: [state:random_target] actual position: lounge | random target: library
[INFO] [1636366942.361427]: State machine transitioning 'robocluedo_random_target':'move_robot'-->'robocluedo_moving'
[INFO] [1636366943.365574]: [state:moving] reached position: library 
[INFO] [1636366943.366725]: State machine transitioning 'robocluedo_moving':'target_reached_no_charge'-->'robocluedo_listening_for_hints'
[INFO] [1636366943.367533]: [state:listening_for_hints] no new hints
[INFO] [1636366943.368720]: State machine transitioning 'robocluedo_listening_for_hints':'no_hints'-->'robocluedo_reasoning'
[INFO] [1636366943.377833]: State machine transitioning 'robocluedo_reasoning':'no_consistent_hp'-->'robocluedo_random_target'
[INFO] [1636366943.380192]: [state:random_target] actual position: library | random target: diningRoom
[INFO] [1636366943.380967]: State machine transitioning 'robocluedo_random_target':'move_robot'-->'robocluedo_moving'
[INFO] [1636366944.383263]: [state:moving] reached position: diningRoom 
[INFO] [1636366944.384604]: State machine transitioning 'robocluedo_moving':'target_reached_no_charge'-->'robocluedo_listening_for_hints'
[INFO] [1636366944.385482]: [state:listening_for_hints] no new hints
[INFO] [1636366944.386329]: State machine transitioning 'robocluedo_listening_for_hints':'no_hints'-->'robocluedo_reasoning'
[INFO] [1636366944.395879]: State machine transitioning 'robocluedo_reasoning':'no_consistent_hp'-->'robocluedo_random_target'
[INFO] [1636366944.398420]: [state:random_target] actual position: diningRoom | random target: conservatory
[INFO] [1636366944.399316]: State machine transitioning 'robocluedo_random_target':'move_robot'-->'robocluedo_moving'
[INFO] [1636366945.401788]: [state:moving] reached position: conservatory 
[INFO] [1636366945.402871]: State machine transitioning 'robocluedo_moving':'target_reached_no_charge'-->'robocluedo_listening_for_hints'
[INFO] [1636366945.403711]: [state:listening_for_hints] no new hints
[INFO] [1636366945.404485]: State machine transitioning 'robocluedo_listening_for_hints':'no_hints'-->'robocluedo_reasoning'
[INFO] [1636366945.414125]: State machine transitioning 'robocluedo_reasoning':'no_consistent_hp'-->'robocluedo_random_target'
[INFO] [1636366945.416394]: [state:random_target] actual position: conservatory | random target: bathroom
[INFO] [1636366945.417139]: State machine transitioning 'robocluedo_random_target':'move_robot'-->'robocluedo_moving'
[INFO] [1636366946.419518]: [state:moving] reached position: bathroom 
[INFO] [1636366946.420556]: State machine transitioning 'robocluedo_moving':'target_reached_no_charge'-->'robocluedo_listening_for_hints'
[INFO] [1636366946.421371]: [state:listening_for_hints] no new hints
[INFO] [1636366946.422084]: State machine transitioning 'robocluedo_listening_for_hints':'no_hints'-->'robocluedo_reasoning'
[INFO] [1636366946.431332]: State machine transitioning 'robocluedo_reasoning':'no_consistent_hp'-->'robocluedo_random_target'
[INFO] [1636366946.433745]: [state:random_target] actual position: bathroom | random target: diningRoom
[INFO] [1636366946.434594]: State machine transitioning 'robocluedo_random_target':'move_robot'-->'robocluedo_moving'
[INFO] [1636366947.437250]: [state:moving] reached position: diningRoom 
[INFO] [1636366947.438660]: State machine transitioning 'robocluedo_moving':'target_reached_no_charge'-->'robocluedo_listening_for_hints'
[INFO] [1636366947.439545]: [state:listening_for_hints] received a hint
[INFO] [1636366947.440549]: State machine transitioning 'robocluedo_listening_for_hints':'received_a_hint'-->'robocluedo_update_ontology'
[INFO] [1636366947.441279]: [state:update_ontology] received hint: HP10(who:plum)
[INFO] [1636366947.511137]: [state:update_ontology] writing backup of the ontology...
[INFO] [1636366947.539101]: [state:update_ontology] ontology saved
[INFO] [1636366947.540276]: State machine transitioning 'robocluedo_update_ontology':'done'-->'robocluedo_reasoning'
[INFO] [1636366947.551665]: State machine transitioning 'robocluedo_reasoning':'no_consistent_hp'-->'robocluedo_random_target'
[INFO] [1636366947.555037]: [state:random_target] actual position: diningRoom | random target: library
[INFO] [1636366947.556086]: State machine transitioning 'robocluedo_random_target':'move_robot'-->'robocluedo_moving'
[INFO] [1636366948.559024]: [state:moving] reached position: library 
[INFO] [1636366948.560229]: State machine transitioning 'robocluedo_moving':'target_reached_no_charge'-->'robocluedo_listening_for_hints'
[INFO] [1636366948.561190]: [state:listening_for_hints] no new hints
[INFO] [1636366948.562005]: State machine transitioning 'robocluedo_listening_for_hints':'no_hints'-->'robocluedo_reasoning'
[INFO] [1636366948.571785]: State machine transitioning 'robocluedo_reasoning':'no_consistent_hp'-->'robocluedo_random_target'
tard)[0m
[0m[ INFO] [1636366909.724433500]: [cluedo_oracle] hint requeste refused. [0m
[0m[ INFO] [1636366910.761477800]: [cluedo_oracle] publishing hint (ID:1, PROP:who, VALUE:white)[0m
[0m[ INFO] [1636366911.856362800]: [cluedo_oracle] publishing hint (ID:12, PROP:where, VALUE:billiardRoom)[0m
[0m[ INFO] [1636366912.974393300]: [cluedo_oracle] publishing hint (ID:5, PROP:what, VALUE:spanner)[0m
[0m[ INFO] [1636366914.087008100]: [cluedo_oracle] hint requeste refused. [0m
[0m[ INFO] [1636366915.114110600]: [cluedo_oracle] hint requeste refused. [0m
[0m[ INFO] [1636366916.135555700]: [cluedo_oracle] publishing hint (ID:7, PROP:where, VALUE:hall)[0m
[0m[ INFO] [1636366917.256507100]: [cluedo_oracle] hint requeste refused. [0m
[0m[ INFO] [1636366918.279563000]: [cluedo_oracle] hint requeste refused. [0m
[0m[ INFO] [1636366919.298788300]: [cluedo_oracle] hint requeste refused. [0m
[0m[ INFO] [1636366920.319741300]: [cluedo_oracle] hint requeste refused. [0m
[0m[ INFO] [1636366921.340621400]: [cluedo_oracle] hint requeste refused. [0m
[0m[ INFO] [1636366922.365286700]: [cluedo_oracle] publishing hint (ID:0, PROP:who, VALUE:peacock)[0m
[0m[ INFO] [1636366923.464455000]: [cluedo_oracle] hint requeste refused. [0m
[0m[ INFO] [1636366924.488780700]: [cluedo_oracle] hint requeste refused. [0m
[0m[ INFO] [1636366925.507025000]: [cluedo_oracle] hint requeste refused. [0m
[0m[ INFO] [1636366926.527228800]: [cluedo_oracle] hint requeste refused. [0m
[0m[ INFO] [1636366927.545406700]: [cluedo_oracle] hint requeste refused. [0m
[0m[ INFO] [1636366928.566534400]: [cluedo_oracle] hint requeste refused. [0m
[0m[ INFO] [1636366929.587062800]: [cluedo_oracle] publishing hint (ID:8, PROP:what, VALUE:candlestick)[0m
[0m[ INFO] [1636366930.691960000]: [cluedo_oracle] publishing hint (ID:4, PROP:where, VALUE:bathroom)[0m
[0m[ INFO] [1636366931.814605600]: [cluedo_oracle] hint requeste refused. [0m
[0m[ INFO] [1636366932.837183300]: [cluedo_oracle] hint requeste refused. [0m
[0m[ INFO] [1636366933.855092500]: [cluedo_oracle] publishing hint (ID:5, PROP:where, VALUE:conservatory)[0m
[0m[ INFO] [1636366934.987714100]: [cluedo_oracle] publishing hint (ID:8, PROP:what, VALUE:leadPipe)[0m
[0m[ INFO] [1636366934.992717100]: [cluedo_oracle] evaluating the solution WHERE[conservatory]  WHO [white]  WHAT [spanner] [0m
[0m[ INFO] [1636366934.992747600]: [cluedo_oracle] solution wrong. [0m
[0m[ INFO] [1636366936.068869400]: [cluedo_oracle] hint requeste refused. [0m
[0m[ INFO] [1636366937.088770800]: [cluedo_oracle] publishing hint (ID:2, PROP:who, VALUE:peacock)[0m
[0m[ INFO] [1636366938.154061300]: [cluedo_oracle] hint requeste refused. [0m
[0m[ INFO] [1636366939.172823500]: [cluedo_oracle] publishing hint (ID:2, PROP:where, VALUE:bathroom)[0m
[0m[ INFO] [1636366940.241330200]: [cluedo_oracle] hint requeste refused. [0m
[0m[ INFO] [1636366941.258211000]: [cluedo_oracle] hint requeste refused. [0m
[0m[ INFO] [1636366942.274748600]: [cluedo_oracle] publishing hint (ID:3, PROP:who, VALUE:peacock)[0m
[0m[ INFO] [1636366943.365512800]: [cluedo_oracle] hint requeste refused. [0m
[0m[ INFO] [1636366944.383142900]: [cluedo_oracle] hint requeste refused. [0m
[0m[ INFO] [1636366945.401756900]: [cluedo_oracle] hint requeste refused. [0m
[0m[ INFO] [1636366946.419571700]: [cluedo_oracle] hint requeste refused. [0m
[0m[ INFO] [1636366947.437273100]: [cluedo_oracle] publishing hint (ID:10, PROP:who, VALUE:plum)[0m
[0m[ INFO] [1636366948.558922100]: [cluedo_oracle] hint requeste refused. [0m
[0m[ INFO] [1636366949.579318600]: [cluedo_oracle] publishing hint (ID:10, PROP:where, VALUE:billiardRoom)[0m
[0m[ INFO] [1636366950.636228600]: [cluedo_oracle] hint requeste refused. [0m
[0m[ INFO] [1636366951.654198000]: [cluedo_oracle] publishing hint (ID:11, PROP:what, VALUE:dagger)[0m
[0m[ INFO] [1636366952.778126400]: [cluedo_oracle] hint requeste refused. [0m
[0m[ INFO] [1636366953.798440100]: [cluedo_oracle] publishing hint (ID:4, PROP:where, VALUE:conservatory)[0m
[0m[ INFO] [163636[INFO] [1636366948.574493]: [state:random_target] actual position: library | random target: lounge
[INFO] [1636366948.575584]: State machine transitioning 'robocluedo_random_target':'move_robot'-->'robocluedo_moving'
[INFO] [1636366949.579374]: [state:moving] reached position: lounge 
[INFO] [1636366949.580533]: State machine transitioning 'robocluedo_moving':'target_reached_no_charge'-->'robocluedo_listening_for_hints'
[INFO] [1636366949.581427]: [state:listening_for_hints] received a hint
[INFO] [1636366949.582191]: State machine transitioning 'robocluedo_listening_for_hints':'received_a_hint'-->'robocluedo_update_ontology'
[INFO] [1636366949.582964]: [state:update_ontology] received hint: HP10(where:billiardRoom)
[INFO] [1636366949.594464]: [state:update_ontology] writing backup of the ontology...
[INFO] [1636366949.618443]: [state:update_ontology] ontology saved
[INFO] [1636366949.619679]: State machine transitioning 'robocluedo_update_ontology':'done'-->'robocluedo_reasoning'
[INFO] [1636366949.629610]: State machine transitioning 'robocluedo_reasoning':'no_consistent_hp'-->'robocluedo_random_target'
[INFO] [1636366949.632144]: [state:random_target] actual position: lounge | random target: hall
[INFO] [1636366949.633034]: State machine transitioning 'robocluedo_random_target':'move_robot'-->'robocluedo_moving'
[INFO] [1636366950.636239]: [state:moving] reached position: hall 
[INFO] [1636366950.637419]: State machine transitioning 'robocluedo_moving':'target_reached_no_charge'-->'robocluedo_listening_for_hints'
[INFO] [1636366950.638340]: [state:listening_for_hints] no new hints
[INFO] [1636366950.639122]: State machine transitioning 'robocluedo_listening_for_hints':'no_hints'-->'robocluedo_reasoning'
[INFO] [1636366950.647904]: State machine transitioning 'robocluedo_reasoning':'no_consistent_hp'-->'robocluedo_random_target'
[INFO] [1636366950.650633]: [state:random_target] actual position: hall | random target: library
[INFO] [1636366950.651522]: State machine transitioning 'robocluedo_random_target':'move_robot'-->'robocluedo_moving'
[INFO] [1636366951.654276]: [state:moving] reached position: library 
[INFO] [1636366951.656063]: State machine transitioning 'robocluedo_moving':'target_reached_no_charge'-->'robocluedo_listening_for_hints'
[INFO] [1636366951.657232]: [state:listening_for_hints] received a hint
[INFO] [1636366951.658162]: State machine transitioning 'robocluedo_listening_for_hints':'received_a_hint'-->'robocluedo_update_ontology'
[INFO] [1636366951.660554]: [state:update_ontology] received hint: HP11(what:dagger)
[INFO] [1636366951.729065]: [state:update_ontology] writing backup of the ontology...
[INFO] [1636366951.757676]: [state:update_ontology] ontology saved
[INFO] [1636366951.759006]: State machine transitioning 'robocluedo_update_ontology':'done'-->'robocluedo_reasoning'
[INFO] [1636366951.770594]: State machine transitioning 'robocluedo_reasoning':'no_consistent_hp'-->'robocluedo_random_target'
[INFO] [1636366951.774101]: [state:random_target] actual position: library | random target: billiardRoom
[INFO] [1636366951.775243]: State machine transitioning 'robocluedo_random_target':'move_robot'-->'robocluedo_moving'
[INFO] [1636366952.778286]: [state:moving] reached position: billiardRoom 
[INFO] [1636366952.779708]: State machine transitioning 'robocluedo_moving':'target_reached_no_charge'-->'robocluedo_listening_for_hints'
[INFO] [1636366952.780804]: [state:listening_for_hints] no new hints
[INFO] [1636366952.781700]: State machine transitioning 'robocluedo_listening_for_hints':'no_hints'-->'robocluedo_reasoning'
[INFO] [1636366952.791331]: State machine transitioning 'robocluedo_reasoning':'no_consistent_hp'-->'robocluedo_random_target'
[INFO] [1636366952.793998]: [state:random_target] actual position: billiardRoom | random target: library
[INFO] [1636366952.795361]: State machine transitioning 'robocluedo_random_target':'move_robot'-->'robocluedo_moving'
[INFO] [1636366953.798438]: [state:moving] reached position: library 
[INFO] [1636366953.799631]: State machine transitioning 'robocluedo_moving':'target_reached_no_charge'-->'robocluedo_listening_for_hints'
[INFO] [1636366953.801552]: [state:listening_for_hints] received a hint
[INFO] [1636366953.802353]: State machine transitioning 'robocluedo_listening_for_hints':'received_a_hint'-->'robocluedo_update_ontology'
[INFO] [1636366953.803168]: [state:update_ontology] received hint: HP4(where:conservatory)
[INFO] [1636366953.816384]: [state:update_ontology] writing backup of the ontology...
[INFO] [1636366953.853279]: [state:update_ontology] ontology saved
[INFO] [1636366953.854516]: State machine transitioning 'robocluedo_update_ontology':'done'-->'robocluedo_reasoning'
[INFO] [1636366953.869289]: State machine transitioning 'robocluedo_reasoning':'no_consistent_hp'-->'robocluedo_random_target'
[INFO] [1636366953.872520]: [state:random_target] actual position: library | random target: library
[INFO] [1636366953.873545]: State machine transitioning 'robocluedo_random_target':'move_robot'-->'robocluedo_moving'
[INFO] [1636366954.876288]: [state:moving] reached position: library 
[INFO] [1636366954.877414]: State machine transitioning 'robocluedo_moving':'target_reached_no_charge'-->'robocluedo_listening_for_hints'
[INFO] [1636366954.879041]: [state:listening_for_hints] received a hint
[INFO] [1636366954.880185]: State machine transitioning 'robocluedo_listening_for_hints':'received_a_hint'-->'robocluedo_update_ontology'
[INFO] [1636366954.881131]: [state:update_ontology] received hint: HP5(who:mustard)
[INFO] [1636366954.900362]: [state:update_ontology] writing backup of the ontology...
[INFO] [1636366954.934064]: [state:update_ontology] ontology saved
[INFO] [1636366954.935844]: State machine transitioning 'robocluedo_update_ontology':'done'-->'robocluedo_reasoning'
[INFO] [1636366954.950942]: State machine transitioning 'robocluedo_reasoning':'no_consistent_hp'-->'robocluedo_random_target'
[INFO] [1636366954.954089]: [state:random_target] actual position: library | random target: diningRoom
[INFO] [1636366954.955494]: State machine transitioning 'robocluedo_random_target':'move_robot'-->'robocluedo_moving'
[INFO] [1636366955.959155]: [state:moving] reached position: diningRoom 
[INFO] [1636366955.960340]: State machine transitioning 'robocluedo_moving':'target_reached_no_charge'-->'robocluedo_listening_for_hints'
[INFO] [1636366955.961258]: [state:listening_for_hints] no new hints
[INFO] [1636366955.962043]: State machine transitioning 'robocluedo_listening_for_hints':'no_hints'-->'robocluedo_reasoning'
[INFO] [1636366955.971091]: State machine transitioning 'robocluedo_reasoning':'no_consistent_hp'-->'robocluedo_random_target'
[INFO] [1636366955.973284]: [state:random_target] actual position: diningRoom | random target: study
[INFO] [1636366955.974056]: State machine transitioning 'robocluedo_random_target':'move_robot'-->'robocluedo_moving'
[INFO] [1636366956.976542]: [state:moving] reached position: study 
[INFO] [1636366956.978186]: State machine transitioning 'robocluedo_moving':'target_reached_no_charge'-->'robocluedo_listening_for_hints'
[INFO] [1636366956.979487]: [state:listening_for_hints] no new hints
[INFO] [1636366956.980458]: State machine transitioning 'robocluedo_listening_for_hints':'no_hints'-->'robocluedo_reasoning'
[INFO] [1636366956.992995]: State machine transitioning 'robocluedo_reasoning':'no_consistent_hp'-->'robocluedo_random_target'
[INFO] [1636366956.995396]: [state:random_target] actual position: study | random target: conservatory
[INFO] [1636366956.996433]: State machine transitioning 'robocluedo_random_target':'move_robot'-->'robocluedo_moving'
[INFO] [1636366957.999503]: [state:moving] reached position: conservatory 
[INFO] [1636366958.000854]: State machine transitioning 'robocluedo_moving':'target_reached_no_charge'-->'robocluedo_listening_for_hints'
[INFO] [1636366958.001797]: [state:listening_for_hints] received a hint
[INFO] [1636366958.002722]: State machine transitioning 'robocluedo_listening_for_hints':'received_a_hint'-->'robocluedo_update_ontology'
[INFO] [1636366958.003892]: [state:update_ontology] received hint: HP4(who:white)
[INFO] [1636366958.021613]: [state:update_ontology] writing backup of the ontology...
[INFO] [1636366958.057406]: [state:update_ontology] ontology saved
[INFO] [1636366958.060332]: State machine transitioning 'robocluedo_update_ontology':'done'-->'robocluedo_reasoning'
[INFO] [1636366958.075008]: State machine transitioning 'robocluedo_reasoning':'no_consistent_hp'-->'robocluedo_random_target'
[INFO] [1636366958.080009]: [state:random_target] actual position: conservatory | random target: study
[INFO] [1636366958.082136]: State machine transitioning 'robocluedo_random_target':'move_robot'-->'robocluedo_moving'
[INFO] [1636366959.089156]: [state:moving] reached position: study 
[INFO] [1636366959.090329]: State machine transitioning 'robocluedo_moving':'target_reached_no_charge'-->'robocluedo_listening_for_hints'
[INFO] [1636366959.091132]: [state:listening_for_hints] received a hint
[INFO] [1636366959.091815]: State machine transitioning 'robocluedo_listening_for_hints':'received_a_hint'-->'robocluedo_update_ontology'
[INFO] [1636366959.092680]: [state:update_ontology] received hint: HP8(who:mustard)
[INFO] [1636366959.105399]: [state:update_ontology] writing backup of the ontology...
[INFO] [1636366959.138975]: [state:update_ontology] ontology saved
[INFO] [1636366959.140096]: State machine transitioning 'robocluedo_update_ontology':'done'-->'robocluedo_reasoning'
[INFO] [1636366959.148375]: State machine transitioning 'robocluedo_reasoning':'no_consistent_hp'-->'robocluedo_random_target'
[INFO] [1636366959.151601]: [state:random_target] actual position: study | random target: library
[INFO] [1636366959.152527]: State machine transitioning 'robocluedo_random_target':'move_robot'-->'robocluedo_moving'
[INFO] [1636366960.155271]: [state:moving] reached position: library 
[INFO] [1636366960.156824]: State machine transitioning 'robocluedo_moving':'target_reached_no_charge'-->'robocluedo_listening_for_hints'
[INFO] [1636366960.158571]: [state:listening_for_hints] no new hints
[INFO] [1636366960.159949]: State machine transitioning 'robocluedo_listening_for_hints':'no_hints'-->'robocluedo_reasoning'
[INFO] [1636366960.169715]: State machine transitioning 'robocluedo_reasoning':'no_consistent_hp'-->'robocluedo_random_target'
[INFO] [1636366960.173010]: [state:random_target] actual position: library | random target: diningRoom
[INFO] [1636366960.174134]: State machine transitioning 'robocluedo_random_target':'move_robot'-->'robocluedo_moving'
[INFO] [1636366961.176904]: [state:moving] reached position: diningRoom 
[INFO] [1636366961.178581]: State machine transitioning 'robocluedo_moving':'target_reached_no_charge'-->'robocluedo_listening_for_hints'
[INFO] [1636366961.179607]: [state:listening_for_hints] received a hint
[INFO] [1636366961.180950]: State machine transitioning 'robocluedo_listening_for_hints':'received_a_hint'-->'robocluedo_update_ontology'
[INFO] [1636366961.182064]: [state:update_ontology] received hint: HP4(where:lounge)
[INFO] [1636366961.248287]: [state:update_ontology] writing backup of the ontology...
[INFO] [1636366961.299691]: [state:update_ontology] ontology saved
[INFO] [1636366961.301139]: State machine transitioning 'robocluedo_update_ontology':'done'-->'robocluedo_reasoning'
[INFO] [1636366961.318121]: State machine transitioning 'robocluedo_reasoning':'no_consistent_hp'-->'robocluedo_random_target'
[INFO] [1636366961.321342]: [state:random_target] actual position: diningRoom | random target: hall
[INFO] [1636366961.322545]: State machine transitioning 'robocluedo_random_target':'move_robot'-->'robocluedo_moving'
[INFO] [1636366962.326530]: [state:moving] reached position: hall 
[INFO] [1636366962.327625]: State machine transitioning 'robocluedo_moving':'target_reached_no_charge'-->'robocluedo_listening_for_hints'
[INFO] [1636366962.328506]: [state:listening_for_hints] received a hint
[INFO] [1636366962.329349]: State machine transitioning 'robocluedo_listening_for_hints':'received_a_hint'-->'robocluedo_update_ontology'
[INFO] [1636366962.330230]: [state:update_ontology] received hint: HP11(where:conservatory)
[INFO] [1636366962.345006]: [state:update_ontology] writing backup of the ontology...
[INFO] [1636366962.376819]: [state:update_ontology] ontology saved
[INFO] [1636366962.378015]: State machine transitioning 'robocluedo_update_ontology':'done'-->'robocluedo_reasoning'
[INFO] [1636366962.387116]: State machine transitioning 'robocluedo_reasoning':'no_consistent_hp'-->'robocluedo_random_target'
[INFO] [1636366962.389402]: [state:random_target] actual position: hall | random target: library
[INFO] [1636366962.390266]: State machine transitioning 'robocluedo_random_target':'move_robot'-->'robocluedo_moving'
[INFO] [1636366963.392613]: [state:moving] reached position: library 
[INFO] [1636366963.393788]: State machine transitioning 'robocluedo_moving':'target_reached_no_charge'-->'robocluedo_listening_for_hints'
[INFO] [1636366963.394586]: [state:listening_for_hints] received a hint
[INFO] [1636366963.395337]: State machine transitioning 'robocluedo_listening_for_hints':'received_a_hint'-->'robocluedo_update_ontology'
[INFO] [1636366963.396094]: [state:update_ontology] received hint: HP12(who:mustard)
[INFO] [1636366963.411028]: [state:update_ontology] writing backup of the ontology...
[INFO] [1636366963.439614]: [state:update_ontology] ontology saved
[INFO] [1636366963.441256]: State machine transitioning 'robocluedo_update_ontology':'done'-->'robocluedo_reasoning'
[INFO] [1636366963.451321]: State machine transitioning 'robocluedo_reasoning':'no_consistent_hp'-->'robocluedo_random_target'
[INFO] [1636366963.453876]: [state:random_target] actual position: library | random target: billiardRoom
[INFO] [1636366963.455241]: State machine transitioning 'robocluedo_random_target':'move_robot'-->'robocluedo_moving'
[INFO] [1636366964.458459]: [state:moving] reached position: billiardRoom 
[INFO] [1636366964.459878]: State machine transitioning 'robocluedo_moving':'target_reached_no_charge'-->'robocluedo_listening_for_hints'
[INFO] [1636366964.460985]: [state:listening_for_hints] received a hint
[INFO] [1636366964.461813]: State machine transitioning 'robocluedo_listening_for_hints':'received_a_hint'-->'robocluedo_update_ontology'
[INFO] [1636366964.462688]: [state:update_ontology] received hint: HP11(where:billiardRoom)
[INFO] [1636366964.479288]: [state:update_ontology] writing backup of the ontology...
[INFO] [1636366964.521056]: [state:update_ontology] ontology saved
[INFO] [1636366964.522534]: State machine transitioning 'robocluedo_update_ontology':'done'-->'robocluedo_reasoning'
[INFO] [1636366964.534361]: State machine transitioning 'robocluedo_reasoning':'no_consistent_hp'-->'robocluedo_random_target'
[INFO] [1636366964.536998]: [state:random_target] actual position: billiardRoom | random target: library
[INFO] [1636366964.538336]: State machine transitioning 'robocluedo_random_target':'move_robot'-->'robocluedo_moving'
[INFO] [1636366965.541582]: [state:moving] reached position: library 
[INFO] [1636366965.542815]: State machine transitioning 'robocluedo_moving':'target_reached_no_charge'-->'robocluedo_listening_for_hints'
[INFO] [1636366965.544609]: [state:listening_for_hints] no new hints
[INFO] [1636366965.545715]: State machine transitioning 'robocluedo_listening_for_hints':'no_hints'-->'robocluedo_reasoning'
[INFO] [1636366965.556188]: State machine transitioning 'robocluedo_reasoning':'no_consistent_hp'-->'robocluedo_random_target'
[INFO] [1636366965.558694]: [state:random_target] actual position: library | random target: diningRoom
[INFO] [1636366965.559584]: State machine transitioning 'robocluedo_random_target':'move_robot'-->'robocluedo_moving'
[INFO] [1636366966.562533]: [state:moving] reached position: diningRoom 
[INFO] [1636366966.563749]: State machine transitioning 'robocluedo_moving':'target_reached_no_charge'-->'robocluedo_listening_for_hints'
[INFO] [1636366966.564625]: [state:listening_for_hints] no new hints
[INFO] [1636366966.565460]: State machine transitioning 'robocluedo_listening_for_hints':'no_hints'-->'robocluedo_reasoning'
[INFO] [1636366966.574698]: State machine transitioning 'robocluedo_reasoning':'no_consistent_hp'-->'robocluedo_random_target'
[INFO] [1636366966.576973]: [state:random_target] actual position: diningRoom | random target: diningRoom
[INFO] [1636366966.577802]: State machine transitioning 'robocluedo_random_target':'move_robot'-->'robocluedo_moving'
[INFO] [1636366967.580337]: [state:moving] reached position: diningRoom 
[INFO] [1636366967.581630]: State machine transitioning 'robocluedo_moving':'target_reached_no_charge'-->'robocluedo_listening_for_hints'
[INFO] [1636366967.582523]: [state:listening_for_hints] received a hint
[INFO] [1636366967.583241]: State machine transitioning 'robocluedo_listening_for_hints':'received_a_hint'-->'robocluedo_update_ontology'
[INFO] [1636366967.584069]: [state:update_ontology] received hint: HP6(who:peacock)
[INFO] [1636366967.601274]: [state:update_ontology] writing backup of the ontology...
[INFO] [1636366967.628790]: [state:update_ontology] ontology saved
[INFO] [1636366967.629966]: State machine transitioning 'robocluedo_update_ontology':'done'-->'robocluedo_reasoning'
[INFO] [1636366967.641622]: State machine transitioning 'robocluedo_reasoning':'no_consistent_hp'-->'robocluedo_random_target'
[INFO] [1636366967.644862]: [state:random_target] actual position: diningRoom | random target: lounge
[INFO] [1636366967.646077]: State machine transitioning 'robocluedo_random_target':'move_robot'-->'robocluedo_moving'
[INFO] [1636366968.648706]: [state:moving] reached position: lounge 
[INFO] [1636366968.650488]: State machine transitioning 'robocluedo_moving':'target_reached_no_charge'-->'robocluedo_listening_for_hints'
[INFO] [1636366968.651575]: [state:listening_for_hints] received a hint
[INFO] [1636366968.652567]: State machine transitioning 'robocluedo_listening_for_hints':'received_a_hint'-->'robocluedo_update_ontology'
[INFO] [1636366968.653379]: [state:update_ontology] received hint: HP7(where:library)
[INFO] [1636366968.666677]: [state:update_ontology] writing backup of the ontology...
[INFO] [1636366968.698263]: [state:update_ontology] ontology saved
[INFO] [1636366968.699503]: State machine transitioning 'robocluedo_update_ontology':'done'-->'robocluedo_reasoning'
[INFO] [1636366968.712149]: State machine transitioning 'robocluedo_reasoning':'no_consistent_hp'-->'robocluedo_random_target'
[INFO] [1636366968.715068]: [state:random_target] actual position: lounge | random target: kitchen
[INFO] [1636366968.716022]: State machine transitioning 'robocluedo_random_target':'move_robot'-->'robocluedo_moving'
[INFO] [1636366969.719493]: [state:moving] reached position: kitchen 
[INFO] [1636366969.721372]: State machine transitioning 'robocluedo_moving':'target_reached_no_charge'-->'robocluedo_listening_for_hints'
[INFO] [1636366969.722465]: [state:listening_for_hints] received a hint
[INFO] [1636366969.723277]: State machine transitioning 'robocluedo_listening_for_hints':'received_a_hint'-->'robocluedo_update_ontology'
[INFO] [1636366969.724074]: [state:update_ontology] received hint: HP2(who:white)
[INFO] [1636366969.739257]: [state:update_ontology] writing backup of the ontology...
[INFO] [1636366969.784389]: [state:update_ontology] ontology saved
[INFO] [1636366969.785598]: State machine transitioning 'robocluedo_update_ontology':'done'-->'robocluedo_reasoning'
[INFO] [1636366969.804326]: State machine transitioning 'robocluedo_reasoning':'no_consistent_hp'-->'robocluedo_random_target'
[INFO] [1636366969.808146]: [state:random_target] actual position: kitchen | random target: hall
[INFO] [1636366969.809933]: State machine transitioning 'robocluedo_random_target':'move_robot'-->'robocluedo_moving'
[INFO] [1636366970.813435]: [state:moving] reached position: hall 
[INFO] [1636366970.815145]: State machine transitioning 'robocluedo_moving':'target_reached_no_charge'-->'robocluedo_listening_for_hints'
[INFO] [1636366970.816625]: [state:listening_for_hints] received a hint
[INFO] [1636366970.817786]: State machine transitioning 'robocluedo_listening_for_hints':'received_a_hint'-->'robocluedo_update_ontology'
[INFO] [1636366970.819086]: [state:update_ontology] received hint: HP1(what:spanner)
[INFO] [1636366970.837048]: [state:update_ontology] writing backup of the ontology...
[INFO] [1636366970.887361]: [state:update_ontology] ontology saved
[INFO] [1636366970.889064]: State machine transitioning 'robocluedo_update_ontology':'done'-->'robocluedo_reasoning'
[INFO] [1636366970.908342]: State machine transitioning 'robocluedo_reasoning':'no_consistent_hp'-->'robocluedo_random_target'
[INFO] [1636366970.912574]: [state:random_target] actual position: hall | random target: billiardRoom
[INFO] [1636366970.914442]: State machine transitioning 'robocluedo_random_target':'move_robot'-->'robocluedo_moving'
[INFO] [1636366971.918530]: [state:moving] reached position: billiardRoom 
[INFO] [1636366971.919921]: State machine transitioning 'robocluedo_moving':'target_reached_no_charge'-->'robocluedo_listening_for_hints'
[INFO] [1636366971.920914]: [state:listening_for_hints] received a hint
[INFO] [1636366971.921786]: State machine transitioning 'robocluedo_listening_for_hints':'received_a_hint'-->'robocluedo_update_ontology'
[INFO] [1636366971.922846]: [state:update_ontology] received hint: HP10(who:peacock)
[INFO] [1636366971.939559]: [state:update_ontology] writing backup of the ontology...
[INFO] [1636366971.968302]: [state:update_ontology] ontology saved
[INFO] [1636366971.969471]: State machine transitioning 'robocluedo_update_ontology':'done'-->'robocluedo_reasoning'
[INFO] [1636366971.979280]: State machine transitioning 'robocluedo_reasoning':'no_consistent_hp'-->'robocluedo_random_target'
[INFO] [1636366971.981775]: [state:random_target] actual position: billiardRoom | random target: kitchen
[INFO] [1636366971.982613]: State machine transitioning 'robocluedo_random_target':'move_robot'-->'robocluedo_moving'
[INFO] [1636366972.985061]: [state:moving] reached position: kitchen 
[INFO] [1636366972.986352]: State machine transitioning 'robocluedo_moving':'target_reached_no_charge'-->'robocluedo_listening_for_hints'
[INFO] [1636366972.988454]: [state:listening_for_hints] no new hints
[INFO] [1636366972.990034]: State machine transitioning 'robocluedo_listening_for_hints':'no_hints'-->'robocluedo_reasoning'
[INFO] [1636366973.005369]: State machine transitioning 'robocluedo_reasoning':'no_consistent_hp'-->'robocluedo_random_target'
[INFO] [1636366973.010606]: [state:random_target] actual position: kitchen | random target: library
[INFO] [1636366973.012108]: State machine transitioning 'robocluedo_random_target':'move_robot'-->'robocluedo_moving'
[INFO] [1636366974.017838]: [state:moving] reached position: library 
[INFO] [1636366974.020060]: State machine transitioning 'robocluedo_moving':'target_reached_no_charge'-->'robocluedo_listening_for_hints'
[INFO] [1636366974.021105]: [state:listening_for_hints] no new hints
[INFO] [1636366974.022051]: State machine transitioning 'robocluedo_listening_for_hints':'no_hints'-->'robocluedo_reasoning'
[INFO] [1636366974.035832]: State machine transitioning 'robocluedo_reasoning':'no_consistent_hp'-->'robocluedo_random_target'
[INFO] [1636366974.039347]: [state:random_target] actual position: library | random target: diningRoom
[INFO] [1636366974.040781]: State machine transitioning 'robocluedo_random_target':'move_robot'-->'robocluedo_moving'
[INFO] [1636366975.043900]: [state:moving] reached position: diningRoom 
[INFO] [1636366975.045125]: State machine transitioning 'robocluedo_moving':'target_reached_no_charge'-->'robocluedo_listening_for_hints'
[INFO] [1636366975.046586]: [state:listening_for_hints] no new hints
[INFO] [1636366975.047924]: State machine transitioning 'robocluedo_listening_for_hints':'no_hints'-->'robocluedo_reasoning'
[INFO] [1636366975.060337]: State machine transitioning 'robocluedo_reasoning':'no_consistent_hp'-->'robocluedo_random_target'
[INFO] [1636366975.068004]: [state:random_target] actual position: diningRoom | random target: billiardRoom
[INFO] [1636366975.069681]: State machine transitioning 'robocluedo_random_target':'move_robot'-->'robocluedo_moving'
[INFO] [1636366976.075071]: [state:moving] reached position: billiardRoom 
[INFO] [1636366976.076400]: State machine transitioning 'robocluedo_moving':'target_reached_no_charge'-->'robocluedo_listening_for_hints'
[INFO] [1636366976.077572]: [state:listening_for_hints] no new hints
[INFO] [1636366976.078712]: State machine transitioning 'robocluedo_listening_for_hints':'no_hints'-->'robocluedo_reasoning'
[INFO] [1636366976.089785]: State machine transitioning 'robocluedo_reasoning':'no_consistent_hp'-->'robocluedo_random_target'
[INFO] [1636366976.093455]: [state:random_target] actual position: billiardRoom | random target: study
[INFO] [1636366976.095202]: State machine transitioning 'robocluedo_random_target':'move_robot'-->'robocluedo_moving'
[INFO] [1636366977.098254]: [state:moving] reached position: study 
[INFO] [1636366977.101148]: State machine transitioning 'robocluedo_moving':'target_reached_no_charge'-->'robocluedo_listening_for_hints'
[INFO] [1636366977.102673]: [state:listening_for_hints] no new hints
[INFO] [1636366977.103848]: State machine transitioning 'robocluedo_listening_for_hints':'no_hints'-->'robocluedo_reasoning'
[INFO] [1636366977.119551]: State machine transitioning 'robocluedo_reasoning':'no_consistent_hp'-->'robocluedo_random_target'
[INFO] [1636366977.124466]: [state:random_target] actual position: study | random target: kitchen
[INFO] [1636366977.126142]: State machine transitioning 'robocluedo_random_target':'move_robot'-->'robocluedo_moving'
[INFO] [1636366978.130844]: [state:moving] reached position: kitchen 
[INFO] [1636366978.132779]: State machine transitioning 'robocluedo_moving':'target_reached_no_charge'-->'robocluedo_listening_for_hints'
[INFO] [1636366978.134537]: [state:listening_for_hints] no new hints
[INFO] [1636366978.136561]: State machine transitioning 'robocluedo_listening_for_hints':'no_hints'-->'robocluedo_reasoning'
[INFO] [1636366978.155747]: State machine transitioning 'robocluedo_reasoning':'no_consistent_hp'-->'robocluedo_random_target'
[INFO] [1636366978.160522]: [state:random_target] actual position: kitchen | random target: library
[INFO] [1636366978.162921]: State machine transitioning 'robocluedo_random_target':'move_robot'-->'robocluedo_moving'
[INFO] [1636366979.168244]: [state:moving] reached position: library 
[INFO] [1636366979.170119]: State machine transitioning 'robocluedo_moving':'target_reached_no_charge'-->'robocluedo_listening_for_hints'
[INFO] [1636366979.171537]: [state:listening_for_hints] no new hints
[INFO] [1636366979.172362]: State machine transitioning 'robocluedo_listening_for_hints':'no_hints'-->'robocluedo_reasoning'
[INFO] [1636366979.183891]: State machine transitioning 'robocluedo_reasoning':'no_consistent_hp'-->'robocluedo_random_target'
[INFO] [1636366979.187092]: [state:random_target] actual position: library | random target: hall
[INFO] [1636366979.187976]: State machine transitioning 'robocluedo_random_target':'move_robot'-->'robocluedo_moving'
[INFO] [1636366980.191120]: [state:moving] reached position: hall 
[INFO] [1636366980.192292]: State machine transitioning 'robocluedo_moving':'target_reached_no_charge'-->'robocluedo_listening_for_hints'
[INFO] [1636366980.193187]: [state:listening_for_hints] received a hint
[INFO] [1636366980.193954]: State machine transitioning 'robocluedo_listening_for_hints':'received_a_hint'-->'robocluedo_update_ontology'
[INFO] [1636366980.194767]: [state:update_ontology] received hint: HP0(what:leadPipe)
[INFO] [1636366980.209388]: [state:update_ontology] writing backup of the ontology...
[INFO] [1636366980.245232]: [state:update_ontology] ontology saved
[INFO] [1636366980.246964]: State machine transitioning 'robocluedo_update_ontology':'done'-->'robocluedo_reasoning'
[INFO] [1636366980.257191]: State machine transitioning 'robocluedo_reasoning':'no_consistent_hp'-->'robocluedo_random_target'
[INFO] [1636366980.260237]: [state:random_target] actual position: hall | random target: kitchen
[INFO] [1636366980.261464]: State machine transitioning 'robocluedo_random_target':'move_robot'-->'robocluedo_moving'
[INFO] [1636366981.265676]: [state:moving] reached position: kitchen 
[INFO] [1636366981.266891]: State machine transitioning 'robocluedo_moving':'target_reached_no_charge'-->'robocluedo_listening_for_hints'
[INFO] [1636366981.268005]: [state:listening_for_hints] no new hints
[INFO] [1636366981.268813]: State machine transitioning 'robocluedo_listening_for_hints':'no_hints'-->'robocluedo_reasoning'
[INFO] [1636366981.276703]: State machine transitioning 'robocluedo_reasoning':'no_consistent_hp'-->'robocluedo_random_target'
[INFO] [1636366981.279240]: [state:random_target] actual position: kitchen | random target: hall
[INFO] [1636366981.280303]: State machine transitioning 'robocluedo_random_target':'move_robot'-->'robocluedo_moving'
[INFO] [1636366982.282912]: [state:moving] reached position: hall 
[INFO] [1636366982.283926]: State machine transitioning 'robocluedo_moving':'target_reached_no_charge'-->'robocluedo_listening_for_hints'
[INFO] [1636366982.284789]: [state:listening_for_hints] no new hints
[INFO] [1636366982.285744]: State machine transitioning 'robocluedo_listening_for_hints':'no_hints'-->'robocluedo_reasoning'
[INFO] [1636366982.294870]: State machine transitioning 'robocluedo_reasoning':'no_consistent_hp'-->'robocluedo_random_target'
[INFO] [1636366982.297484]: [state:random_target] actual position: hall | random target: library
[INFO] [1636366982.298393]: State machine transitioning 'robocluedo_random_target':'move_robot'-->'robocluedo_moving'
[INFO] [1636366983.301370]: [state:moving] reached position: library 
[INFO] [1636366983.304200]: State machine transitioning 'robocluedo_moving':'target_reached_no_charge'-->'robocluedo_listening_for_hints'
[INFO] [1636366983.305860]: [state:listening_for_hints] no new hints
[INFO] [1636366983.307614]: State machine transitioning 'robocluedo_listening_for_hints':'no_hints'-->'robocluedo_reasoning'
[INFO] [1636366983.321307]: State machine transitioning 'robocluedo_reasoning':'no_consistent_hp'-->'robocluedo_random_target'
[INFO] [1636366983.324820]: [state:random_target] actual position: library | random target: billiardRoom
[INFO] [1636366983.326298]: State machine transitioning 'robocluedo_random_target':'move_robot'-->'robocluedo_moving'
[INFO] [1636366984.329392]: [state:moving] reached position: billiardRoom 
[INFO] [1636366984.330511]: State machine transitioning 'robocluedo_moving':'target_reached_no_charge'-->'robocluedo_listening_for_hints'
[INFO] [1636366984.331305]: [state:listening_for_hints] received a hint
[INFO] [1636366984.332049]: State machine transitioning 'robocluedo_listening_for_hints':'received_a_hint'-->'robocluedo_update_ontology'
[INFO] [1636366984.332796]: [state:update_ontology] received hint: HP13(who:white)
[INFO] [1636366984.344312]: [state:update_ontology] writing backup of the ontology...
[INFO] [1636366984.373986]: [state:update_ontology] ontology saved
[INFO] [1636366984.375283]: State machine transitioning 'robocluedo_update_ontology':'done'-->'robocluedo_reasoning'
[INFO] [1636366984.385182]: State machine transitioning 'robocluedo_reasoning':'no_consistent_hp'-->'robocluedo_random_target'
[INFO] [1636366984.387744]: [state:random_target] actual position: billiardRoom | random target: billiardRoom
[INFO] [1636366984.388759]: State machine transitioning 'robocluedo_random_target':'move_robot'-->'robocluedo_moving'
[INFO] [1636366985.391843]: [state:moving] reached position: billiardRoom 
[INFO] [1636366985.393098]: State machine transitioning 'robocluedo_moving':'target_reached_no_charge'-->'robocluedo_listening_for_hints'
[INFO] [1636366985.393917]: [state:listening_for_hints] no new hints
[INFO] [1636366985.394610]: State machine transitioning 'robocluedo_listening_for_hints':'no_hints'-->'robocluedo_reasoning'
[INFO] [1636366985.402931]: State machine transitioning 'robocluedo_reasoning':'no_consistent_hp'-->'robocluedo_random_target'
[INFO] [1636366985.406391]: [state:random_target] actual position: billiardRoom | random target: bathroom
[INFO] [1636366985.407780]: State machine transitioning 'robocluedo_random_target':'move_robot'-->'robocluedo_moving'
[INFO] [1636366986.411551]: [state:moving] reached position: bathroom 
[INFO] [1636366986.412820]: State machine transitioning 'robocluedo_moving':'target_reached_no_charge'-->'robocluedo_listening_for_hints'
[INFO] [1636366986.414068]: [state:listening_for_hints] no new hints
[INFO] [1636366986.414936]: State machine transitioning 'robocluedo_listening_for_hints':'no_hints'-->'robocluedo_reasoning'
[INFO] [1636366986.422202]: State machine transitioning 'robocluedo_reasoning':'no_consistent_hp'-->'robocluedo_random_target'
[INFO] [1636366986.424340]: [state:random_target] actual position: bathroom | random target: bathroom
[INFO] [1636366986.425086]: State machine transitioning 'robocluedo_random_target':'move_robot'-->'robocluedo_moving'
[INFO] [1636366987.427490]: [state:moving] reached position: bathroom 
[INFO] [1636366987.428792]: State machine transitioning 'robocluedo_moving':'target_reached_no_charge'-->'robocluedo_listening_for_hints'
[INFO] [1636366987.429716]: [state:listening_for_hints] no new hints
[INFO] [1636366987.430629]: State machine transitioning 'robocluedo_listening_for_hints':'no_hints'-->'robocluedo_reasoning'
[INFO] [1636366987.439510]: State machine transitioning 'robocluedo_reasoning':'no_consistent_hp'-->'robocluedo_random_target'
[INFO] [1636366987.442697]: [state:random_target] actual position: bathroom | random target: bathroom
[INFO] [1636366987.443520]: State machine transitioning 'robocluedo_random_target':'move_robot'-->'robocluedo_moving'
[INFO] [1636366988.446516]: [state:moving] reached position: bathroom 
[INFO] [1636366988.447758]: State machine transitioning 'robocluedo_moving':'target_reached_no_charge'-->'robocluedo_listening_for_hints'
[INFO] [1636366988.448833]: [state:listening_for_hints] received a hint
[INFO] [1636366988.449575]: State machine transitioning 'robocluedo_listening_for_hints':'received_a_hint'-->'robocluedo_update_ontology'
[INFO] [1636366988.450580]: [state:update_ontology] received hint: HP2(what:leadPipe)
[INFO] [1636366988.460576]: [state:update_ontology] writing backup of the ontology...
[INFO] [1636366988.496455]: [state:update_ontology] ontology saved
[INFO] [1636366988.497499]: State machine transitioning 'robocluedo_update_ontology':'done'-->'robocluedo_reasoning'
[INFO] [1636366988.505982]: State machine transitioning 'robocluedo_reasoning':'no_consistent_hp'-->'robocluedo_random_target'
[INFO] [1636366988.508659]: [state:random_target] actual position: bathroom | random target: conservatory
[INFO] [1636366988.509424]: State machine transitioning 'robocluedo_random_target':'move_robot'-->'robocluedo_moving'
[INFO] [1636366989.511909]: [state:moving] reached position: conservatory 
[INFO] [1636366989.512953]: State machine transitioning 'robocluedo_moving':'target_reached_no_charge'-->'robocluedo_listening_for_hints'
[INFO] [1636366989.513802]: [state:listening_for_hints] no new hints
[INFO] [1636366989.514944]: State machine transitioning 'robocluedo_listening_for_hints':'no_hints'-->'robocluedo_reasoning'
[INFO] [1636366989.524309]: State machine transitioning 'robocluedo_reasoning':'no_consistent_hp'-->'robocluedo_random_target'
[INFO] [1636366989.527239]: [state:random_target] actual position: conservatory | random target: study
[INFO] [1636366989.528175]: State machine transitioning 'robocluedo_random_target':'move_robot'-->'robocluedo_moving'
[INFO] [1636366990.531725]: [state:moving] reached position: study 
[INFO] [1636366990.533106]: State machine transitioning 'robocluedo_moving':'target_reached_no_charge'-->'robocluedo_listening_for_hints'
[INFO] [1636366990.534022]: [state:listening_for_hints] no new hints
[INFO] [1636366990.534865]: State machine transitioning 'robocluedo_listening_for_hints':'no_hints'-->'robocluedo_reasoning'
[INFO] [1636366990.542119]: State machine transitioning 'robocluedo_reasoning':'no_consistent_hp'-->'robocluedo_random_target'
[INFO] [1636366990.544296]: [state:random_target] actual position: study | random target: billiardRoom
[INFO] [1636366990.545031]: State machine transitioning 'robocluedo_random_target':'move_robot'-->'robocluedo_moving'
[INFO] [1636366991.547813]: [state:moving] reached position: billiardRoom 
[INFO] [1636366991.549460]: State machine transitioning 'robocluedo_moving':'target_reached_no_charge'-->'robocluedo_listening_for_hints'
[INFO] [1636366991.550793]: [state:listening_for_hints] no new hints
[INFO] [1636366991.552049]: State machine transitioning 'robocluedo_listening_for_hints':'no_hints'-->'robocluedo_reasoning'
[INFO] [1636366991.562075]: State machine transitioning 'robocluedo_reasoning':'no_consistent_hp'-->'robocluedo_random_target'
[INFO] [1636366991.564814]: [state:random_target] actual position: billiardRoom | random target: conservatory
[INFO] [1636366991.565906]: State machine transitioning 'robocluedo_random_target':'move_robot'-->'robocluedo_moving'
[INFO] [1636366992.568908]: [state:moving] reached position: conservatory 
[INFO] [1636366992.569899]: State machine transitioning 'robocluedo_moving':'target_reached_no_charge'-->'robocluedo_listening_for_hints'
[INFO] [1636366992.570827]: [state:listening_for_hints] no new hints
[INFO] [1636366992.571600]: State machine transitioning 'robocluedo_listening_for_hints':'no_hints'-->'robocluedo_reasoning'
[INFO] [1636366992.580013]: State machine transitioning 'robocluedo_reasoning':'no_consistent_hp'-->'robocluedo_random_target'
[INFO] [1636366992.582343]: [state:random_target] actual position: conservatory | random target: hall
[INFO] [1636366992.583094]: State machine transitioning 'robocluedo_random_target':'move_robot'-->'robocluedo_moving'
[INFO] [1636366993.585532]: [state:moving] reached position: hall 
[INFO] [1636366993.587032]: State machine transitioning 'robocluedo_moving':'target_reached_no_charge'-->'robocluedo_listening_for_hints'
[INFO] [1636366993.587959]: [state:listening_for_hints] no new hints
[INFO] [1636366993.588707]: State machine transitioning 'robocluedo_listening_for_hints':'no_hints'-->'robocluedo_reasoning'
[INFO] [1636366993.596536]: State machine transitioning 'robocluedo_reasoning':'no_consistent_hp'-->'robocluedo_random_target'
[INFO] [1636366993.598849]: [state:random_target] actual position: hall | random target: study
[INFO] [1636366993.599601]: State machine transitioning 'robocluedo_random_target':'move_robot'-->'robocluedo_moving'
[INFO] [1636366994.602011]: [state:moving] reached position: study 
[INFO] [1636366994.603113]: State machine transitioning 'robocluedo_moving':'target_reached_no_charge'-->'robocluedo_listening_for_hints'
[INFO] [1636366994.604195]: [state:listening_for_hints] no new hints
[INFO] [1636366994.605402]: State machine transitioning 'robocluedo_listening_for_hints':'no_hints'-->'robocluedo_reasoning'
[INFO] [1636366994.615820]: State machine transitioning 'robocluedo_reasoning':'no_consistent_hp'-->'robocluedo_random_target'
[INFO] [1636366994.618685]: [state:random_target] actual position: study | random target: bathroom
[INFO] [1636366994.619551]: State machine transitioning 'robocluedo_random_target':'move_robot'-->'robocluedo_moving'
[INFO] [1636366995.623205]: [state:moving] reached position: bathroom 
[INFO] [1636366995.624251]: State machine transitioning 'robocluedo_moving':'target_reached_no_charge'-->'robocluedo_listening_for_hints'
[INFO] [1636366995.625104]: [state:listening_for_hints] received a hint
[INFO] [1636366995.625941]: State machine transitioning 'robocluedo_listening_for_hints':'received_a_hint'-->'robocluedo_update_ontology'
[INFO] [1636366995.627213]: [state:update_ontology] received hint: HP0(where:hall)
[INFO] [1636366995.639227]: [state:update_ontology] writing backup of the ontology...
[INFO] [1636366995.678110]: [state:update_ontology] ontology saved
[INFO] [1636366995.679379]: State machine transitioning 'robocluedo_update_ontology':'done'-->'robocluedo_reasoning'
[INFO] [1636366995.701205]: [state:reasoning] complete hypotheses found: 1
[INFO] [1636366995.702230]: [state:reasoning] HP0(who:peacock, where:hall, what:leadPipe)
[INFO] [1636366995.703110]: [state:reasoning] selected hyp. with tag: HP0 | actual position: bathroom
[INFO] [1636366995.704344]: State machine transitioning 'robocluedo_reasoning':'not_in_the_right_place'-->'robocluedo_moving'
[INFO] [1636366996.707348]: [state:moving] reached position: hall 
[INFO] [1636366996.708460]: State machine transitioning 'robocluedo_moving':'target_reached_ready_for_charge'-->'robocluedo_charge'
[INFO] [1636366996.709285]: [state:charge] asking to the oracle: (who:peacock, where:hall, what:leadPipe)
[INFO] [1636366996.711310]: [state:charge] mystery solved!
[INFO] [1636366996.712023]: State machine terminating 'robocluedo_charge':'case_solved':'mystery_solved'
[INFO] [1636366996.712766]: [robocluedo_main] elementary, Whatson. 
[INFO] [1636366997.229868]: [robocluedo_main] closing...
6954.876272200]: [cluedo_oracle] publishing hint (ID:5, PROP:who, VALUE:mustard)[0m
[0m[ INFO] [1636366955.959104400]: [cluedo_oracle] hint requeste refused. [0m
[0m[ INFO] [1636366956.976445200]: [cluedo_oracle] hint requeste refused. [0m
[0m[ INFO] [1636366957.999367000]: [cluedo_oracle] publishing hint (ID:4, PROP:who, VALUE:white)[0m
[0m[ INFO] [1636366959.089214700]: [cluedo_oracle] publishing hint (ID:8, PROP:who, VALUE:mustard)[0m
[0m[ INFO] [1636366960.155004000]: [cluedo_oracle] hint requeste refused. [0m
[0m[ INFO] [1636366961.176759400]: [cluedo_oracle] publishing hint (ID:4, PROP:where, VALUE:lounge)[0m
[0m[ INFO] [1636366962.326516500]: [cluedo_oracle] publishing hint (ID:11, PROP:where, VALUE:conservatory)[0m
[0m[ INFO] [1636366963.392543700]: [cluedo_oracle] publishing hint (ID:12, PROP:who, VALUE:mustard)[0m
[0m[ INFO] [1636366964.458298600]: [cluedo_oracle] publishing hint (ID:11, PROP:where, VALUE:billiardRoom)[0m
[0m[ INFO] [1636366965.541372400]: [cluedo_oracle] hint requeste refused. [0m
[0m[ INFO] [1636366966.562540500]: [cluedo_oracle] hint requeste refused. [0m
[0m[ INFO] [1636366967.580183500]: [cluedo_oracle] publishing hint (ID:6, PROP:who, VALUE:peacock)[0m
[0m[ INFO] [1636366968.648607400]: [cluedo_oracle] publishing hint (ID:7, PROP:where, VALUE:library)[0m
[0m[ INFO] [1636366969.719190200]: [cluedo_oracle] publishing hint (ID:2, PROP:who, VALUE:white)[0m
[0m[ INFO] [1636366970.813275500]: [cluedo_oracle] publishing hint (ID:1, PROP:what, VALUE:spanner)[0m
[0m[ INFO] [1636366971.918440500]: [cluedo_oracle] publishing hint (ID:10, PROP:who, VALUE:peacock)[0m
[0m[ INFO] [1636366972.984939400]: [cluedo_oracle] hint requeste refused. [0m
[0m[ INFO] [1636366974.017496500]: [cluedo_oracle] hint requeste refused. [0m
[0m[ INFO] [1636366975.043934300]: [cluedo_oracle] hint requeste refused. [0m
[0m[ INFO] [1636366976.074941300]: [cluedo_oracle] hint requeste refused. [0m
[0m[ INFO] [1636366977.098051100]: [cluedo_oracle] hint requeste refused. [0m
[0m[ INFO] [1636366978.130686500]: [cluedo_oracle] hint requeste refused. [0m
[0m[ INFO] [1636366979.168167000]: [cluedo_oracle] hint requeste refused. [0m
[0m[ INFO] [1636366980.190951900]: [cluedo_oracle] publishing hint (ID:0, PROP:what, VALUE:leadPipe)[0m
[0m[ INFO] [1636366981.265431200]: [cluedo_oracle] hint requeste refused. [0m
[0m[ INFO] [1636366982.282966600]: [cluedo_oracle] hint requeste refused. [0m
[0m[ INFO] [1636366983.301371700]: [cluedo_oracle] hint requeste refused. [0m
[0m[ INFO] [1636366984.329353600]: [cluedo_oracle] publishing hint (ID:13, PROP:who, VALUE:white)[0m
[0m[ INFO] [1636366985.392105400]: [cluedo_oracle] hint requeste refused. [0m
[0m[ INFO] [1636366986.411441300]: [cluedo_oracle] hint requeste refused. [0m
[0m[ INFO] [1636366987.427252600]: [cluedo_oracle] hint requeste refused. [0m
[0m[ INFO] [1636366988.446599300]: [cluedo_oracle] publishing hint (ID:2, PROP:what, VALUE:leadPipe)[0m
[0m[ INFO] [1636366989.511909800]: [cluedo_oracle] hint requeste refused. [0m
[0m[ INFO] [1636366990.531771100]: [cluedo_oracle] hint requeste refused. [0m
[0m[ INFO] [1636366991.547775400]: [cluedo_oracle] hint requeste refused. [0m
[0m[ INFO] [1636366992.568869900]: [cluedo_oracle] hint requeste refused. [0m
[0m[ INFO] [1636366993.585339400]: [cluedo_oracle] hint requeste refused. [0m
[0m[ INFO] [1636366994.601906500]: [cluedo_oracle] hint requeste refused. [0m
[0m[ INFO] [1636366995.623117400]: [cluedo_oracle] publishing hint (ID:0, PROP:where, VALUE:hall)[0m
[0m[ INFO] [1636366996.707244300]: [cluedo_oracle] publishing hint (ID:2, PROP:where, VALUE:kitchen)[0m
[0m[ INFO] [1636366996.711150200]: [cluedo_oracle] evaluating the solution WHERE[hall]  WHO [peacock]  WHAT [leadPipe] [0m
[0m[ INFO] [1636366996.711184100]: [cluedo_oracle] SUCCESS! Found the solution. [0m
... logging to /root/.ros/log/a9ea1406-407d-11ec-8910-0242ac110002/roslaunch-5f02b92139ad-18596.log
Checking log directory for disk usage. This may take a while.
Press Ctrl-C to interrupt
Done checking log file disk usage. Usage is <1GB.
]2;/root/ws_experimental_robotics_lab_assignment_1/src/assignment_1/robocluedo/launch/run_robocluedo.launch
[1mstarted roslaunch server http://5f02b92139ad:33545/[0m

SUMMARY
========

PARAMETERS
 * /cluedo_max_hypotheses: 15
 * /cluedo_path_owlfile: /root/ws_experime...
 * /cluedo_path_owlfile_backup: /root/ws_experime...
 * /cluedo_path_what: /root/ws_experime...
 * /cluedo_path_where: /root/ws_experime...
 * /cluedo_path_who: /root/ws_experime...
 * /rosdistro: noetic
 * /rosversion: 1.15.13

NODES
  /
    armor_service (armor/execute)
    cluedo_armor_interface (robocluedo/cluedo_armor_interface)
    cluedo_movement_controller (robocluedo/cluedo_movement_controller)
    cluedo_oracle (robocluedo/cluedo_oracle)
    cluedo_random_room (robocluedo/cluedo_random_room)
    robocluedo_main (robocluedo/robocluedo_main.py)

auto-starting new master
[1mprocess[master]: started with pid [18605][0m
[1mROS_MASTER_URI=http://localhost:11311[0m
]2;/root/ws_experimental_robotics_lab_assignment_1/src/assignment_1/robocluedo/launch/run_robocluedo.launch http://localhost:11311
[1msetting /run_id to a9ea1406-407d-11ec-8910-0242ac110002[0m
[1mprocess[rosout-1]: started with pid [18615][0m
started core service [/rosout]
[1mprocess[armor_service-2]: started with pid [18622][0m
[1mprocess[cluedo_armor_interface-3]: started with pid [18625][0m
[1mprocess[cluedo_movement_controller-4]: started with pid [18631][0m
[1mprocess[cluedo_random_room-5]: started with pid [18635][0m
[1mprocess[cluedo_oracle-6]: started with pid [18652][0m
[1mprocess[robocluedo_main-7]: started with pid [18657][0m
[robocluedo_main-7] killing on exit
[cluedo_oracle-6] killing on exit
[cluedo_random_room-5] killing on exit
[cluedo_movement_controller-4] killing on exit
[cluedo_armor_interface-3] killing on exit
[armor_service-2] killing on exit
[rosout-1] killing on exit
[master] killing on exit
shutting down processing monitor...
... shutting down processing monitor complete
[1mdone[0m
