[cluedo_oracle]  reading from fiile [/root/ws_experimental_robotics_lab_assignment_1/src/assignment_1/robocluedo/config/cluedo_items/cluedo_who.txt] 
[cluedo_oracle]  line[1] READ [jim] 
[cluedo_oracle]  closing file ...
[cluedo_oracle]  reading from fiile [/root/ws_experimental_robotics_lab_assignment_1/src/assignment_1/robocluedo/config/cluedo_items/cluedo_where.txt] 
[cluedo_oracle]  line[1] READ [bathroom] 
[cluedo_oracle]  closing file ...
[cluedo_oracle]  reading from fiile [/root/ws_experimental_robotics_lab_assignment_1/src/assignment_1/robocluedo/config/cluedo_items/cluedo_what.txt] 
[cluedo_oracle]  line[1] READ [knife] 
[cluedo_oracle]  closing file ...
[0m[ INFO] [1636209433.435995100]: [cluedo_oracle] found a max number of hypotheses: 4[0m
[0m[ INFO] [1636209433.436807700]: [cluedo_oracle] case generation started [0m
[0m[ INFO] [1636209433.436819300]: [cluedo_oracle] the solution is (where:bathroom, who:jim, what:knife)[0m
[0m[ INFO] [1636209433.436831100]: [cluedo_oracle] the solution has ID:1[0m
[0m[ INFO] [1636209433.436862900]: [cluedo_oracle] hints generation finished. Generated: 14 hints[0m
[cluedo_oracle]  subscribing to the topic [/hint_signal] ...
[cluedo_oracle]  subscribing to the topic [/hint_signal] ... OK
[cluedo_oracle]  Creating publisher [/hint] ...
[cluedo_oracle]  Creating publisher [/hint] ... OK
[cluedo_oracle]  Advertising service [/check_solution] ...
[cluedo_oracle]  Advertising service [/check_solution] ... OK
[cluedo_oracle]  ready!
[INFO] [1636209434.178351]: [robocluedo_main] calling service /go_to ...
[INFO] [1636209434.180589]: [robocluedo_main] OK
[INFO] [1636209434.181595]: [robocluedo_main] calling service /random_room ...
[INFO] [1636209434.183956]: [robocluedo_main] OK
[INFO] [1636209434.184834]: [robocluedo_main] subscribing to /hint ...
[INFO] [1636209434.186761]: [robocluedo_main] OK
[INFO] [1636209434.188080]: [robocluedo_main] calling service /check_solution ...
[INFO] [1636209434.190433]: [robocluedo_main] OK
[INFO] [1636209434.191537]: [robocluedo_main] calling service /cluedo_armor/add_hint ...
[INFO] [1636209434.796050]: [robocluedo_main] OK
[INFO] [1636209434.797018]: [robocluedo_main] calling service /cluedo_armor/find_consistent_h ...
[INFO] [1636209434.798882]: [robocluedo_main] OK
[INFO] [1636209434.799845]: [robocluedo_main] calling service /cluedo_armor/wrong_hypothesis ...
[INFO] [1636209434.802001]: [robocluedo_main] OK
[INFO] [1636209434.803097]: [robocluedo_main] asking for service [/cluedo_armor/backup] ...
[INFO] [1636209434.804804]: [robocluedo_main] OK!
[INFO] [1636209434.808860]: [robocluedo_main] starting the FSM...
[INFO] [1636209434.809778]: State machine starting in initial state 'robocluedo_random_target' with userdata: 
	[]
[INFO] [1636209434.812814]: [state:random_target] actual position: bathroom | random target: bathroom
[INFO] [1636209434.813665]: State machine transitioning 'robocluedo_random_target':'move_robot'-->'robocluedo_moving'
[INFO] [1636209435.817303]: [state:moving] reached position: bathroom 
[INFO] [1636209435.818361]: State machine transitioning 'robocluedo_moving':'target_reached_no_charge'-->'robocluedo_listening_for_hints'
[INFO] [1636209435.819251]: [state:listening_for_hints] no new hints
[INFO] [1636209435.820001]: State machine transitioning 'robocluedo_listening_for_hints':'no_hints'-->'robocluedo_reasoning'
[INFO] [1636209435.855077]: State machine transitioning 'robocluedo_reasoning':'no_consistent_hp'-->'robocluedo_random_target'
[INFO] [1636209435.858171]: [state:random_target] actual position: bathroom | random target: bathroom
[INFO] [1636209435.859097]: State machine transitioning 'robocluedo_random_target':'move_robot'-->'robocluedo_moving'
[INFO] [1636209436.861701]: [state:moving] reached position: bathroom 
[INFO] [1636209436.862786]: State machine transitioning 'robocluedo_moving':'target_reached_no_charge'-->'robocluedo_listening_for_hints'
[INFO] [1636209436.863645]: [state:listening_for_hints] no new hints
[INFO] [1636209436.864350]: State machine transitioning 'robocluedo_listening_for_hints':'no_hints'-->'robocluedo_reasoning'
[INFO] [1636209436.880554]: State machine transitioning 'robocluedo_reasoning':'no_consistent_hp'-->'robocluedo_random_target'
[INFO] [1636209436.883096]: [state:random_target] actual position: bathroom | random target: bathroom
[INFO] [1636209436.883943]: State machine transitioning 'robocluedo_random_target':'move_robot'-->'robocluedo_moving'
[INFO] [1636209437.886428]: [state:moving] reached position: bathroom 
[INFO] [1636209437.889053]: State machine transitioning 'robocluedo_moving':'target_reached_no_charge'-->'robocluedo_listening_for_hints'
[INFO] [1636209437.890375]: [state:listening_for_hints] received a hint
[INFO] [1636209437.891382]: State machine transitioning 'robocluedo_listening_for_hints':'received_a_hint'-->'robocluedo_update_ontology'
[INFO] [1636209437.892174]: [state:update_ontology] received hint: HP0(where:bathroom)
[INFO] [1636209437.983424]: [state:update_ontology] writing backup of the ontology...
[INFO] [1636209438.089689]: [state:update_ontology] ontology saved
[INFO] [1636209438.091007]: State machine transitioning 'robocluedo_update_ontology':'done'-->'robocluedo_reasoning'
[INFO] [1636209438.116756]: State machine transitioning 'robocluedo_reasoning':'no_consistent_hp'-->'robocluedo_random_target'
[INFO] [1636209438.119526]: [state:random_target] actual position: bathroom | random target: bathroom
[INFO] [1636209438.120449]: State machine transitioning 'robocluedo_random_target':'move_robot'-->'robocluedo_moving'
[INFO] [1636209439.123082]: [state:moving] reached position: bathroom 
[INFO] [1636209439.124168]: State machine transitioning 'robocluedo_moving':'target_reached_no_charge'-->'robocluedo_listening_for_hints'
[INFO] [1636209439.124971]: [state:listening_for_hints] no new hints
[INFO] [1636209439.125657]: State machine transitioning 'robocluedo_listening_for_hints':'no_hints'-->'robocluedo_reasoning'
[INFO] [1636209439.147892]: State machine transitioning 'robocluedo_reasoning':'no_consistent_hp'-->'robocluedo_random_target'
[INFO] [1636209439.150825]: [state:random_target] actual position: bathroom | random target: bathroom
[INFO] [1636209439.152093]: State machine transitioning 'robocluedo_random_target':'move_robot'-->'robocluedo_moving'
[INFO] [1636209440.155362]: [state:moving] reached position: bathroom 
[INFO] [1636209440.156590]: State machine transitioning 'robocluedo_moving':'target_reached_no_charge'-->'robocluedo_listening_for_hints'
[INFO] [1636209440.157357]: [state:listening_for_hints] no new hints
[INFO] [1636209440.158078]: State machine transitioning 'robocluedo_listening_for_hints':'no_hints'-->'robocluedo_reasoning'
[INFO] [1636209440.176644]: State machine transitioning 'robocluedo_reasoning':'no_consistent_hp'-->'robocluedo_random_target'
[INFO] [1636209440.179204]: [state:random_target] actual position: bathroom | random target: bathroom
[INFO] [1636209440.180156]: State machine transitioning 'robocluedo_random_target':'move_robot'-->'robocluedo_moving'
[INFO] [1636209441.182792]: [state:moving] reached position: bathroom 
[INFO] [1636209441.183800]: State machine transitioning 'robocluedo_moving':'target_reached_no_charge'-->'robocluedo_listening_for_hints'
[INFO] [1636209441.184598]: [state:listening_for_hints] no new hints
[INFO] [1636209441.185381]: State machine transitioning 'robocluedo_listening_for_hints':'no_hints'-->'robocluedo_reasoning'
[INFO] [1636209441.202563]: State machine transitioning 'robocluedo_reasoning':'no_consistent_hp'-->'robocluedo_random_target'
[INFO] [1636209441.204954]: [state:random_target] actual position: bathroom | random target: bathroom
[INFO] [1636209441.205678]: State machine transitioning 'robocluedo_random_target':'move_robot'-->'robocluedo_moving'
[INFO] [1636209442.208290]: [state:moving] reached position: bathroom 
[INFO] [1636209442.210082]: State machine transitioning 'robocluedo_moving':'target_reached_no_charge'-->'robocluedo_listening_for_hints'
[INFO] [1636209442.211159]: [state:listening_for_hints] no new hints
[INFO] [1636209442.212024]: State machine transitioning 'robocluedo_listening_for_hints':'no_hints'-->'robocluedo_reasoning'
[INFO] [1636209442.230669]: State machine transitioning 'robocluedo_reasoning':'no_consistent_hp'-->'robocluedo_random_target'
[INFO] [1636209442.234287]: [state:random_target] actual position: bathroom | random target: bathroom
[INFO] [1636209442.235264]: State machine transitioning 'robocluedo_random_target':'move_robot'-->'robocluedo_moving'
[INFO] [1636209443.238039]: [state:moving] reached position: bathroom 
[INFO] [1636209443.239441]: State machine transitioning 'robocluedo_moving':'target_reached_no_charge'-->'robocluedo_listening_for_hints'
[INFO] [1636209443.240303]: [state:listening_for_hints] received a hint
[INFO] [1636209443.241119]: State machine transitioning 'robocluedo_listening_for_hints':'received_a_hint'-->'robocluedo_update_ontology'
[INFO] [1636209443.241953]: [state:update_ontology] received hint: HP2(where:bathroom)
[INFO] [1636209443.273345]: [state:update_ontology] writing backup of the ontology...
[INFO] [1636209443.300056]: [state:update_ontology] ontology saved
[INFO] [1636209443.301099]: State machine transitioning 'robocluedo_update_ontology':'done'-->'robocluedo_reasoning'
[INFO] [1636209443.321505]: State machine transitioning 'robocluedo_reasoning':'no_consistent_hp'-->'robocluedo_random_target'
[INFO] [1636209443.325158]: [state:random_target] actual position: bathroom | random target: bathroom
[INFO] [1636209443.326285]: State machine transitioning 'robocluedo_random_target':'move_robot'-->'robocluedo_moving'
[INFO] [1636209444.330495]: [state:moving] reached position: bathroom 
[INFO] [1636209444.331713]: State machine transitioning 'robocluedo_moving':'target_reached_no_charge'-->'robocluedo_listening_for_hints'
[INFO] [1636209444.332659]: [state:listening_for_hints] no new hints
[INFO] [1636209444.333497]: State machine transitioning 'robocluedo_listening_for_hints':'no_hints'-->'robocluedo_reasoning'
[INFO] [1636209444.351635]: State machine transitioning 'robocluedo_reasoning':'no_consistent_hp'-->'robocluedo_random_target'
[INFO] [1636209444.354719]: [state:random_target] actual position: bathroom | random target: bathroom
[INFO] [1636209444.355604]: State machine transitioning 'robocluedo_random_target':'move_robot'-->'robocluedo_moving'
[INFO] [1636209445.358279]: [state:moving] reached position: bathroom 
[INFO] [1636209445.359401]: State machine transitioning 'robocluedo_moving':'target_reached_no_charge'-->'robocluedo_listening_for_hints'
[INFO] [1636209445.360339]: [state:listening_for_hints] received a hint
[INFO] [1636209445.361090]: State machine transitioning 'robocluedo_listening_for_hints':'received_a_hint'-->'robocluedo_update_ontology'
[INFO] [1636209445.361894]: [state:update_ontology] received hint: HP2(who:jim)
[INFO] [1636209445.409767]: [state:update_ontology] writing backup of the ontology...
[INFO] [1636209445.439793]: [state:update_ontology] ontology saved
[INFO] [1636209445.440997]: State machine transitioning 'robocluedo_update_ontology':'done'-->'robocluedo_reasoning'
[INFO] [1636209445.459742]: State machine transitioning 'robocluedo_reasoning':'no_consistent_hp'-->'robocluedo_random_target'
[INFO] [1636209445.463056]: [state:random_target] actual position: bathroom | random target: bathroom
[INFO] [1636209445.464721]: State machine transitioning 'robocluedo_random_target':'move_robot'-->'robocluedo_moving'
[INFO] [1636209446.468235]: [state:moving] reached position: bathroom 
[INFO] [1636209446.469183]: State machine transitioning 'robocluedo_moving':'target_reached_no_charge'-->'robocluedo_listening_for_hints'
[INFO] [1636209446.470024]: [state:listening_for_hints] received a hint
[INFO] [1636209446.470924]: State machine transitioning 'robocluedo_listening_for_hints':'received_a_hint'-->'robocluedo_update_ontology'
[INFO] [1636209446.471735]: [state:update_ontology] received hint: HP0(who:jim)
[INFO] [1636209446.494097]: [state:update_ontology] writing backup of the ontology...
[INFO] [1636209446.520581]: [state:update_ontology] ontology saved
[INFO] [1636209446.521922]: State machine transitioning 'robocluedo_update_ontology':'done'-->'robocluedo_reasoning'
[INFO] [1636209446.534400]: State machine transitioning 'robocluedo_reasoning':'no_consistent_hp'-->'robocluedo_random_target'
[INFO] [1636209446.536725]: [state:random_target] actual position: bathroom | random target: bathroom
[INFO] [1636209446.537756]: State machine transitioning 'robocluedo_random_target':'move_robot'-->'robocluedo_moving'
[INFO] [1636209447.540517]: [state:moving] reached position: bathroom 
[INFO] [1636209447.541627]: State machine transitioning 'robocluedo_moving':'target_reached_no_charge'-->'robocluedo_listening_for_hints'
[INFO] [1636209447.542599]: [state:listening_for_hints] received a hint
[INFO] [1636209447.543356]: State machine transitioning 'robocluedo_listening_for_hints':'received_a_hint'-->'robocluedo_update_ontology'
[INFO] [1636209447.544095]: [state:update_ontology] received hint: HP2(who:jim)
[INFO] [1636209447.567891]: [state:update_ontology] writing backup of the ontology...
[INFO] [1636209447.597796]: [state:update_ontology] ontology saved
[INFO] [1636209447.598876]: State machine transitioning 'robocluedo_update_ontology':'done'-->'robocluedo_reasoning'
[INFO] [1636209447.611248]: State machine transitioning 'robocluedo_reasoning':'no_consistent_hp'-->'robocluedo_random_target'
[INFO] [1636209447.613936]: [state:random_target] actual position: bathroom | random target: bathroom
[INFO] [1636209447.614775]: State machine transitioning 'robocluedo_random_target':'move_robot'-->'robocluedo_moving'
[INFO] [1636209448.617393]: [state:moving] reached position: bathroom 
[INFO] [1636209448.618525]: State machine transitioning 'robocluedo_moving':'target_reached_no_charge'-->'robocluedo_listening_for_hints'
[INFO] [1636209448.619449]: [state:listening_for_hints] no new hints
[INFO] [1636209448.620183]: State machine transitioning 'robocluedo_listening_for_hints':'no_hints'-->'robocluedo_reasoning'
[INFO] [1636209448.631285]: State machine transitioning 'robocluedo_reasoning':'no_consistent_hp'-->'robocluedo_random_target'
[INFO] [1636209448.633738]: [state:random_target] actual position: bathroom | random target: bathroom
[INFO] [1636209448.634591]: State machine transitioning 'robocluedo_random_target':'move_robot'-->'robocluedo_moving'
[INFO] [1636209449.636802]: [state:moving] reached position: bathroom 
[INFO] [1636209449.637990]: State machine transitioning 'robocluedo_moving':'target_reached_no_charge'-->'robocluedo_listening_for_hints'
[INFO] [1636209449.638949]: [state:listening_for_hints] received a hint
[INFO] [1636209449.639750]: State machine transitioning 'robocluedo_listening_for_hints':'received_a_hint'-->'robocluedo_update_ontology'
[INFO] [1636209449.640539]: [state:update_ontology] received hint: HP1(who:jim)
[INFO] [1636209449.660620]: [state:update_ontology] writing backup of the ontology...
[INFO] [1636209449.683764]: [state:update_ontology] ontology saved
[INFO] [1636209449.684927]: State machine transitioning 'robocluedo_update_ontology':'done'-->'robocluedo_reasoning'
[INFO] [1636209449.701022]: State machine transitioning 'robocluedo_reasoning':'no_consistent_hp'-->'robocluedo_random_target'
[INFO] [1636209449.704286]: [state:random_target] actual position: bathroom | random target: bathroom
[INFO] [1636209449.705536]: State machine transitioning 'robocluedo_random_target':'move_robot'-->'robocluedo_moving'
[INFO] [1636209450.708589]: [state:moving] reached position: bathroom 
[INFO] [1636209450.710142]: State machine transitioning 'robocluedo_moving':'target_reached_no_charge'-->'robocluedo_listening_for_hints'
[INFO] [1636209450.711353]: [state:listening_for_hints] received a hint
[INFO] [1636209450.712810]: State machine transitioning 'robocluedo_listening_for_hints':'received_a_hint'-->'robocluedo_update_ontology'
[INFO] [1636209450.713870]: [state:update_ontology] received hint: HP0(where:bathroom)
[INFO] [1636209450.737601]: [state:update_ontology] writing backup of the ontology...
[INFO] [1636209450.760010]: [state:update_ontology] ontology saved
[INFO] [1636209450.761291]: State machine transitioning 'robocluedo_update_ontology':'done'-->'robocluedo_reasoning'
[INFO] [1636209450.774403]: State machine transitioning 'robocluedo_reasoning':'no_consistent_hp'-->'robocluedo_random_target'
[INFO] [1636209450.777227]: [state:random_target] actual position: bathroom | random target: bathroom
[INFO] [1636209450.778152]: State machine transitioning 'robocluedo_random_target':'move_robot'-->'robocluedo_moving'
[INFO] [1636209451.781094]: [state:moving] reached position: bathroom 
[INFO] [1636209451.782447]: State machine transitioning 'robocluedo_moving':'target_reached_no_charge'-->'robocluedo_listening_for_hints'
[INFO] [1636209451.783276]: [state:listening_for_hints] no new hints
[INFO] [1636209451.784054]: State machine transitioning 'robocluedo_listening_for_hints':'no_hints'-->'robocluedo_reasoning'
[INFO] [1636209451.793818]: State machine transitioning 'robocluedo_reasoning':'no_consistent_hp'-->'robocluedo_random_target'
[INFO] [1636209451.796108]: [state:random_target] actual position: bathroom | random target: bathroom
[INFO] [1636209451.796865]: State machine transitioning 'robocluedo_random_target':'move_robot'-->'robocluedo_moving'
[INFO] [1636209452.800129]: [state:moving] reached position: bathroom 
[INFO] [1636209452.801904]: State machine transitioning 'robocluedo_moving':'target_reached_no_charge'-->'robocluedo_listening_for_hints'
[INFO] [1636209452.803036]: [state:listening_for_hints] received a hint
[INFO] [1636209452.804465]: State machine transitioning 'robocluedo_listening_for_hints':'received_a_hint'-->'robocluedo_update_ontology'
[INFO] [1636209452.806281]: [state:update_ontology] received hint: HP3(what:knife)
[INFO] [1636209452.850256]: [state:update_ontology] writing backup of the ontology...
[INFO] [1636209452.880308]: [state:update_ontology] ontology saved
[INFO] [1636209452.882213]: State machine transitioning 'robocluedo_update_ontology':'done'-->'robocluedo_reasoning'
[INFO] [1636209452.897206]: State machine transitioning 'robocluedo_reasoning':'no_consistent_hp'-->'robocluedo_random_target'
[INFO] [1636209452.900255]: [state:random_target] actual position: bathroom | random target: bathroom
[INFO] [1636209452.901909]: State machine transitioning 'robocluedo_random_target':'move_robot'-->'robocluedo_moving'
[INFO] [1636209453.905475]: [state:moving] reached position: bathroom 
[INFO] [1636209453.906464]: State machine transitioning 'robocluedo_moving':'target_reached_no_charge'-->'robocluedo_listening_for_hints'
[INFO] [1636209453.907259]: [state:listening_for_hints] no new hints
[INFO] [1636209453.907995]: State machine transitioning 'robocluedo_listening_for_hints':'no_hints'-->'robocluedo_reasoning'
[INFO] [1636209453.920897]: State machine transitioning 'robocluedo_reasoning':'no_consistent_hp'-->'robocluedo_random_target'
[INFO] [1636209453.924181]: [state:random_target] actual position: bathroom | random target: bathroom
[INFO] [1636209453.925083]: State machine transitioning 'robocluedo_random_target':'move_robot'-->'robocluedo_moving'
[INFO] [1636209454.928145]: [state:moving] reached position: bathroom 
[INFO] [1636209454.929181]: State machine transitioning 'robocluedo_moving':'target_reached_no_charge'-->'robocluedo_listening_for_hints'
[INFO] [1636209454.930051]: [state:listening_for_hints] received a hint
[INFO] [1636209454.930881]: State machine transitioning 'robocluedo_listening_for_hints':'received_a_hint'-->'robocluedo_update_ontology'
[INFO] [1636209454.931874]: [state:update_ontology] received hint: HP1(where:bathroom)
[INFO] [1636209454.948874]: [state:update_ontology] writing backup of the ontology...
[INFO] [1636209454.970586]: [state:update_ontology] ontology saved
[INFO] [1636209454.971853]: State machine transitioning 'robocluedo_update_ontology':'done'-->'robocluedo_reasoning'
[INFO] [1636209454.982983]: State machine transitioning 'robocluedo_reasoning':'no_consistent_hp'-->'robocluedo_random_target'
[INFO] [1636209454.985482]: [state:random_target] actual position: bathroom | random target: bathroom
[INFO] [1636209454.986248]: State machine transitioning 'robocluedo_random_target':'move_robot'-->'robocluedo_moving'
[INFO] [1636209455.988445]: [state:moving] reached position: bathroom 
[INFO] [1636209455.989608]: State machine transitioning 'robocluedo_moving':'target_reached_no_charge'-->'robocluedo_listening_for_hints'
[INFO] [1636209455.990584]: [state:listening_for_hints] received a hint
[INFO] [1636209455.991467]: State machine transitioning 'robocluedo_listening_for_hints':'received_a_hint'-->'robocluedo_update_ontology'
[INFO] [1636209455.992446]: [state:update_ontology] received hint: HP0(who:jim)
[INFO] [1636209456.003915]: [state:update_ontology] writing backup of the ontology...
[INFO] [1636209456.021188]: [state:update_ontology] ontology saved
[INFO] [1636209456.022720]: State machine transitioning 'robocluedo_update_ontology':'done'-->'robocluedo_reasoning'
[INFO] [1636209456.032084]: State machine transitioning 'robocluedo_reasoning':'no_consistent_hp'-->'robocluedo_random_target'
[INFO] [1636209456.034880]: [state:random_target] actual position: bathroom | random target: bathroom
[INFO] [1636209456.035670]: State machine transitioning 'robocluedo_random_target':'move_robot'-->'robocluedo_moving'
[INFO] [1636209457.038401]: [state:moving] reached position: bathroom 
[INFO] [1636209457.039641]: State machine transitioning 'robocluedo_moving':'target_reached_no_charge'-->'robocluedo_listening_for_hints'
[INFO] [1636209457.040809]: [state:listening_for_hints] no new hints
[INFO] [1636209457.041794]: State machine transitioning 'robocluedo_listening_for_hints':'no_hints'-->'robocluedo_reasoning'
[INFO] [1636209457.051678]: State machine transitioning 'robocluedo_reasoning':'no_consistent_hp'-->'robocluedo_random_target'
[INFO] [1636209457.054629]: [state:random_target] actual position: bathroom | random target: bathroom
[INFO] [1636209457.055555]: State machine transitioning 'robocluedo_random_target':'move_robot'-->'robocluedo_moving'
[INFO] [1636209458.057868]: [state:moving] reached position: bathroom 
[INFO] [1636209458.059107]: State machine transitioning 'robocluedo_moving':'target_reached_no_charge'-->'robocluedo_listening_for_hints'
[INFO] [1636209458.060024]: [state:listening_for_hints] received a hint
[INFO] [1636209458.061211]: State machine transitioning 'robocluedo_listening_for_hints':'received_a_hint'-->'robocluedo_update_ontology'
[INFO] [1636209458.062587]: [state:update_ontology] received hint: HP3(who:jim)
[INFO] [1636209458.075685]: [state:update_ontology] writing backup of the ontology...
[INFO] [1636209458.097955]: [state:update_ontology] ontology saved
[INFO] [1636209458.099018]: State machine transitioning 'robocluedo_update_ontology':'done'-->'robocluedo_reasoning'
[INFO] [1636209458.112033]: State machine transitioning 'robocluedo_reasoning':'no_consistent_hp'-->'robocluedo_random_target'
[INFO] [1636209458.114685]: [state:random_target] actual position: bathroom | random target: bathroom
[INFO] [1636209458.115461]: State machine transitioning 'robocluedo_random_target':'move_robot'-->'robocluedo_moving'
[INFO] [1636209459.119026]: [state:moving] reached position: bathroom 
[INFO] [1636209459.120040]: State machine transitioning 'robocluedo_moving':'target_reached_no_charge'-->'robocluedo_listening_for_hints'
[INFO] [1636209459.120826]: [state:listening_for_hints] received a hint
[INFO] [1636209459.121517]: State machine transitioning 'robocluedo_listening_for_hints':'received_a_hint'-->'robocluedo_update_ontology'
[INFO] [1636209459.122306]: [state:update_ontology] received hint: HP3(what:knife)
[INFO] [1636209459.134336]: [state:update_ontology] writing backup of the ontology...
[INFO] [1636209459.151809]: [state:update_ontology] ontology saved
[INFO] [1636209459.153183]: State machine transitioning 'robocluedo_update_ontology':'done'-->'robocluedo_reasoning'
[INFO] [1636209459.164793]: State machine transitioning 'robocluedo_reasoning':'no_consistent_hp'-->'robocluedo_random_target'
[INFO] [1636209459.168188]: [state:random_target] actual position: bathroom | random target: bathroom
[INFO] [1636209459.169132]: State machine transitioning 'robocluedo_random_target':'move_robot'-->'robocluedo_moving'
[INFO] [1636209460.171888]: [state:moving] reached position: bathroom 
[INFO] [1636209460.173199]: State machine transitioning 'robocluedo_moving':'target_reached_no_charge'-->'robocluedo_listening_for_hints'
[INFO] [1636209460.173924]: [state:listening_for_hints] received a hint
[INFO] [1636209460.174708]: State machine transitioning 'robocluedo_listening_for_hints':'received_a_hint'-->'robocluedo_update_ontology'
[INFO] [1636209460.175493]: [state:update_ontology] received hint: HP2(where:bathroom)
[INFO] [1636209460.187888]: [state:update_ontology] writing backup of the ontology...
[INFO] [1636209460.204127]: [state:update_ontology] ontology saved
[INFO] [1636209460.205643]: State machine transitioning 'robocluedo_update_ontology':'done'-->'robocluedo_reasoning'
[INFO] [1636209460.214506]: State machine transitioning 'robocluedo_reasoning':'no_consistent_hp'-->'robocluedo_random_target'
[INFO] [1636209460.216891]: [state:random_target] actual position: bathroom | random target: bathroom
[INFO] [1636209460.217738]: State machine transitioning 'robocluedo_random_target':'move_robot'-->'robocluedo_moving'
[INFO] [1636209461.220323]: [state:moving] reached position: bathroom 
[INFO] [1636209461.221328]: State machine transitioning 'robocluedo_moving':'target_reached_no_charge'-->'robocluedo_listening_for_hints'
[INFO] [1636209461.222542]: [state:listening_for_hints] received a hint
[INFO] [1636209461.223462]: State machine transitioning 'robocluedo_listening_for_hints':'received_a_hint'-->'robocluedo_update_ontology'
[INFO] [1636209461.224378]: [state:update_ontology] received hint: HP1(what:knife)
[INFO] [1636209461.237529]: [state:update_ontology] writing backup of the ontology...
[INFO] [1636209461.263567]: [state:update_ontology] ontology saved
[INFO] [1636209461.264657]: State machine transitioning 'robocluedo_update_ontology':'done'-->'robocluedo_reasoning'
[INFO] [1636209461.288043]: [state:reasoning] complete hypotheses found: 1
[INFO] [1636209461.289061]: [state:reasoning] HP1(who:jim, where:bathroom, what:knife)
[INFO] [1636209461.289880]: [state:reasoning] selected hyp. with tag: HP1 | actual position: bathroom
[INFO] [1636209461.290820]: State machine transitioning 'robocluedo_reasoning':'ready_for_charge'-->'robocluedo_charge'
[INFO] [1636209461.291649]: [state:charge] asking to the oracle: (who:jim, where:bathroom, what:knife)
[INFO] [1636209461.293799]: [state:charge] mystery solved!
[INFO] [1636209461.294558]: State machine terminating 'robocluedo_charge':'case_solved':'mystery_solved'
[INFO] [1636209461.295316]: [robocluedo_main] elementary, Whatson. 
[INFO] [1636209462.889322]: [robocluedo_main] closing...
[0m[ INFO] [1636209435.817290800]: [cluedo_oracle] hint requeste refused. [0m
[0m[ INFO] [1636209436.861703500]: [cluedo_oracle] hint requeste refused. [0m
[0m[ INFO] [1636209437.886267200]: [cluedo_oracle] publishing hint (ID:0, PROP:where, VALUE:bathroom)[0m
[0m[ INFO] [1636209439.123030900]: [cluedo_oracle] hint requeste refused. [0m
[0m[ INFO] [1636209440.155445500]: [cluedo_oracle] hint requeste refused. [0m
[0m[ INFO] [1636209441.182710800]: [cluedo_oracle] hint requeste refused. [0m
[0m[ INFO] [1636209442.208218300]: [cluedo_oracle] hint requeste refused. [0m
[0m[ INFO] [1636209443.238038000]: [cluedo_oracle] publishing hint (ID:2, PROP:where, VALUE:bathroom)[0m
[0m[ INFO] [1636209444.330463700]: [cluedo_oracle] hint requeste refused. [0m
[0m[ INFO] [1636209445.358170500]: [cluedo_oracle] publishing hint (ID:2, PROP:who, VALUE:jim)[0m
[0m[ INFO] [1636209446.468179400]: [cluedo_oracle] publishing hint (ID:0, PROP:who, VALUE:jim)[0m
[0m[ INFO] [1636209447.540561800]: [cluedo_oracle] publishing hint (ID:2, PROP:who, VALUE:jim)[0m
[0m[ INFO] [1636209448.617304300]: [cluedo_oracle] hint requeste refused. [0m
[0m[ INFO] [1636209449.636735500]: [cluedo_oracle] publishing hint (ID:1, PROP:who, VALUE:jim)[0m
[0m[ INFO] [1636209450.708342300]: [cluedo_oracle] publishing hint (ID:0, PROP:where, VALUE:bathroom)[0m
[0m[ INFO] [1636209451.781095000]: [cluedo_oracle] hint requeste refused. [0m
[0m[ INFO] [1636209452.799986200]: [cluedo_oracle] publishing hint (ID:3, PROP:what, VALUE:knife)[0m
[0m[ INFO] [1636209453.905291800]: [cluedo_oracle] hint requeste refused. [0m
[0m[ INFO] [1636209454.928078000]: [cluedo_oracle] publishing hint (ID:1, PROP:where, VALUE:bathroom)[0m
[0m[ INFO] [1636209455.988427500]: [cluedo_oracle] publishing hint (ID:0, PROP:who, VALUE:jim)[0m
[0m[ INFO] [1636209457.038243000]: [cluedo_oracle] hint requeste refused. [0m
[0m[ INFO] [1636209458.057857000]: [cluedo_oracle] publishing hint (ID:3, PROP:who, VALUE:jim)[0m
[0m[ INFO] [1636209459.118962500]: [cluedo_oracle] publishing hint (ID:3, PROP:what, VALUE:knife)[0m
[0m[ INFO] [1636209460.171769500]: [cluedo_oracle] publishing hint (ID:2, PROP:where, VALUE:bathroom)[0m
[0m[ INFO] [1636209461.220220500]: [cluedo_oracle] publishing hint (ID:1, PROP:what, VALUE:knife)[0m
[0m[ INFO] [1636209461.293633500]: [cluedo_oracle] evaluating the solution WHERE[bathroom]  WHO [jim]  WHAT [knife] [0m
[0m[ INFO] [1636209461.293669200]: [cluedo_oracle] SUCCESS! Found the solution. [0m
... logging to /root/.ros/log/07ca1b90-3f0f-11ec-8d01-0242ac110002/roslaunch-5f02b92139ad-5433.log
Checking log directory for disk usage. This may take a while.
Press Ctrl-C to interrupt
Done checking log file disk usage. Usage is <1GB.
]2;/root/ws_experimental_robotics_lab_assignment_1/src/assignment_1/robocluedo/launch/run_robocluedo.launch
[1mstarted roslaunch server http://5f02b92139ad:37603/[0m

SUMMARY
========

PARAMETERS
 * /cluedo_max_hypotheses: 4
 * /cluedo_path_owlfile: /root/ws_experime...
 * /cluedo_path_owlfile_backup: /root/ws_experime...
 * /cluedo_path_what: /root/ws_experime...
 * /cluedo_path_where: /root/ws_experime...
 * /cluedo_path_who: /root/ws_experime...
 * /rosdistro: noetic
 * /rosversion: 1.15.13

NODES
  /
    armor_service (armor/execute)
    cluedo_armor_interface (robocluedo/cluedo_armor_interface)
    cluedo_movement_controller (robocluedo/cluedo_movement_controller)
    cluedo_oracle (robocluedo/cluedo_oracle)
    cluedo_random_room (robocluedo/cluedo_random_room)
    robocluedo_main (robocluedo/robocluedo_main.py)

auto-starting new master
[1mprocess[master]: started with pid [5443][0m
[1mROS_MASTER_URI=http://localhost:11311[0m
]2;/root/ws_experimental_robotics_lab_assignment_1/src/assignment_1/robocluedo/launch/run_robocluedo.launch http://localhost:11311
[1msetting /run_id to 07ca1b90-3f0f-11ec-8d01-0242ac110002[0m
[1mprocess[rosout-1]: started with pid [5453][0m
started core service [/rosout]
[1mprocess[armor_service-2]: started with pid [5460][0m
[1mprocess[cluedo_armor_interface-3]: started with pid [5463][0m
[1mprocess[cluedo_movement_controller-4]: started with pid [5467][0m
[1mprocess[cluedo_random_room-5]: started with pid [5472][0m
[1mprocess[cluedo_oracle-6]: started with pid [5478][0m
[1mprocess[robocluedo_main-7]: started with pid [5494][0m
[robocluedo_main-7] killing on exit
[cluedo_oracle-6] killing on exit
[cluedo_random_room-5] killing on exit
[cluedo_movement_controller-4] killing on exit
[cluedo_armor_interface-3] killing on exit
[armor_service-2] killing on exit
[rosout-1] killing on exit
[master] killing on exit
shutting down processing monitor...
... shutting down processing monitor complete
[1mdone[0m
