... logging to /root/.ros/log/27ab6954-3f10-11ec-b804-0242ac110002/roslaunch-5f02b92139ad-6364.log
Checking log directory for disk usage. This may take a while.
Press Ctrl-C to interrupt
Done checking log file disk usage. Usage is <1GB.

started roslaunch server http://5f02b92139ad:41135/

SUMMARY
========

PARAMETERS
 * /cluedo_max_hypotheses: 4
 * /cluedo_path_owlfile: /root/ws_experime...
 * /cluedo_path_owlfile_backup: /root/ws_experime...
 * /cluedo_path_what: /root/ws_experime...
 * /cluedo_path_where: /root/ws_experime...
 * /cluedo_path_who: /root/ws_experime...
 * /rosdistro: noetic
 * /rosversion: 1.15.13

NODES
  /
    armor_service (armor/execute)
    cluedo_armor_interface (robocluedo/cluedo_armor_interface)
    cluedo_movement_controller (robocluedo/cluedo_movement_controller)
    cluedo_oracle (robocluedo/cluedo_oracle)
    cluedo_random_room (robocluedo/cluedo_random_room)
    robocluedo_main (robocluedo/robocluedo_main.py)

auto-starting new master
process[master]: started with pid [6372]
ROS_MASTER_URI=http://localhost:11311

setting /run_id to 27ab6954-3f10-11ec-b804-0242ac110002
process[rosout-1]: started with pid [6382]
started core service [/rosout]
process[armor_service-2]: started with pid [6389]
process[cluedo_armor_interface-3]: started with pid [6392]
process[cluedo_movement_controller-4]: started with pid [6398]
process[cluedo_random_room-5]: started with pid [6401]
process[cluedo_oracle-6]: started with pid [6417]
process[robocluedo_main-7]: started with pid [6424]
[cluedo_oracle]  reading from fiile [/root/ws_experimental_robotics_lab_assignment_1/src/assignment_1/robocluedo/config/cluedo_items/cluedo_who.txt] 
[cluedo_oracle]  line[1] READ [green] 
[cluedo_oracle]  line[2] READ [plum] 
[cluedo_oracle]  line[3] READ [mustard] 
[cluedo_oracle]  line[4] READ [peacock] 
[cluedo_oracle]  line[5] READ [scarlett] 
[cluedo_oracle]  line[6] READ [white] 
[cluedo_oracle]  closing file ...
[cluedo_oracle]  reading from fiile [/root/ws_experimental_robotics_lab_assignment_1/src/assignment_1/robocluedo/config/cluedo_items/cluedo_where.txt] 
[cluedo_oracle]  line[1] READ [conservatory] 
[cluedo_oracle]  line[2] READ [lounge] 
[cluedo_oracle]  line[3] READ [kitchen] 
[cluedo_oracle]  line[4] READ [library] 
[cluedo_oracle]  line[5] READ [hall] 
[cluedo_oracle]  line[6] READ [study] 
[cluedo_oracle]  line[7] READ [bathroom] 
[cluedo_oracle]  line[8] READ [diningRoom] 
[cluedo_oracle]  line[9] READ [billiardRoom] 
[cluedo_oracle]  closing file ...
[cluedo_oracle]  reading from fiile [/root/ws_experimental_robotics_lab_assignment_1/src/assignment_1/robocluedo/config/cluedo_items/cluedo_what.txt] 
[cluedo_oracle]  line[1] READ [candlestick] 
[cluedo_oracle]  line[2] READ [dagger] 
[cluedo_oracle]  line[3] READ [leadPipe] 
[cluedo_oracle]  line[4] READ [revolver] 
[cluedo_oracle]  line[5] READ [rope] 
[cluedo_oracle]  line[6] READ [spanner] 
[cluedo_oracle]  closing file ...
[ INFO] [1636209916.573495200]: [cluedo_oracle] found a max number of hypotheses: 4
[ INFO] [1636209916.574273000]: [cluedo_oracle] case generation started 
[ INFO] [1636209916.574331100]: [cluedo_oracle] the solution is (where:library, who:white, what:rope)
[ INFO] [1636209916.574377000]: [cluedo_oracle] the solution has ID:0
[ INFO] [1636209916.574426600]: [cluedo_oracle] hints generation finished. Generated: 6 hints
[cluedo_oracle]  subscribing to the topic [/hint_signal] ...
[cluedo_oracle]  subscribing to the topic [/hint_signal] ... OK
[cluedo_oracle]  Creating publisher [/hint] ...
[cluedo_oracle]  Creating publisher [/hint] ... OK
[cluedo_oracle]  Advertising service [/check_solution] ...
[cluedo_oracle]  Advertising service [/check_solution] ... OK
[cluedo_oracle]  ready!
log4j:WARN No appenders could be found for logger (org.ros.internal.node.client.Registrar).
log4j:WARN Please initialize the log4j system properly.
log4j:WARN See http://logging.apache.org/log4j/1.2/faq.html#noconfig for more info.
[INFO] [1636209917.313914]: [robocluedo_main] calling service /go_to ...
[INFO] [1636209917.315952]: [robocluedo_main] OK
[INFO] [1636209917.316700]: [robocluedo_main] calling service /random_room ...
[INFO] [1636209917.318329]: [robocluedo_main] OK
[INFO] [1636209917.319155]: [robocluedo_main] subscribing to /hint ...
[INFO] [1636209917.321031]: [robocluedo_main] OK
[INFO] [1636209917.322260]: [robocluedo_main] calling service /check_solution ...
[INFO] [1636209917.324175]: [robocluedo_main] OK
[INFO] [1636209917.324968]: [robocluedo_main] calling service /cluedo_armor/add_hint ...
[INFO] [1636209918.230178]: [robocluedo_main] OK
[INFO] [1636209918.231216]: [robocluedo_main] calling service /cluedo_armor/find_consistent_h ...
[INFO] [1636209918.233174]: [robocluedo_main] OK
[INFO] [1636209918.234006]: [robocluedo_main] calling service /cluedo_armor/wrong_hypothesis ...
[INFO] [1636209918.236030]: [robocluedo_main] OK
[INFO] [1636209918.237819]: [robocluedo_main] asking for service [/cluedo_armor/backup] ...
[INFO] [1636209918.240603]: [robocluedo_main] OK!
[INFO] [1636209918.245101]: [robocluedo_main] starting the FSM...
[INFO] [1636209918.245880]: State machine starting in initial state 'robocluedo_random_target' with userdata: 
	[]
[INFO] [1636209918.249757]: [state:random_target] actual position: billiardRoom | random target: billiardRoom
[INFO] [1636209918.250600]: State machine transitioning 'robocluedo_random_target':'move_robot'-->'robocluedo_moving'
[ INFO] [1636209919.254227800]: [cluedo_oracle] hint requeste refused. 
[INFO] [1636209919.254313]: [state:moving] reached position: billiardRoom 
[INFO] [1636209919.255362]: State machine transitioning 'robocluedo_moving':'target_reached_no_charge'-->'robocluedo_listening_for_hints'
[INFO] [1636209919.256407]: [state:listening_for_hints] no new hints
[INFO] [1636209919.257290]: State machine transitioning 'robocluedo_listening_for_hints':'no_hints'-->'robocluedo_reasoning'
[INFO] [1636209919.298148]: State machine transitioning 'robocluedo_reasoning':'no_consistent_hp'-->'robocluedo_random_target'
[INFO] [1636209919.301450]: [state:random_target] actual position: billiardRoom | random target: conservatory
[INFO] [1636209919.302581]: State machine transitioning 'robocluedo_random_target':'move_robot'-->'robocluedo_moving'
[ INFO] [1636209920.305623000]: [cluedo_oracle] publishing hint (ID:2, PROP:where, VALUE:kitchen)
[INFO] [1636209920.305759]: [state:moving] reached position: conservatory 
[INFO] [1636209920.306876]: State machine transitioning 'robocluedo_moving':'target_reached_no_charge'-->'robocluedo_listening_for_hints'
[INFO] [1636209920.307726]: [state:listening_for_hints] received a hint
[INFO] [1636209920.308498]: State machine transitioning 'robocluedo_listening_for_hints':'received_a_hint'-->'robocluedo_update_ontology'
[INFO] [1636209920.309494]: [state:update_ontology] received hint: HP2(where:kitchen)
[INFO] [1636209920.384090]: [state:update_ontology] writing backup of the ontology...
[INFO] [1636209920.493683]: [state:update_ontology] ontology saved
[INFO] [1636209920.495290]: State machine transitioning 'robocluedo_update_ontology':'done'-->'robocluedo_reasoning'
[INFO] [1636209920.523649]: State machine transitioning 'robocluedo_reasoning':'no_consistent_hp'-->'robocluedo_random_target'
[INFO] [1636209920.528235]: [state:random_target] actual position: conservatory | random target: bathroom
[INFO] [1636209920.530518]: State machine transitioning 'robocluedo_random_target':'move_robot'-->'robocluedo_moving'
[ INFO] [1636209921.534610000]: [cluedo_oracle] hint requeste refused. 
[INFO] [1636209921.534776]: [state:moving] reached position: bathroom 
[INFO] [1636209921.536242]: State machine transitioning 'robocluedo_moving':'target_reached_no_charge'-->'robocluedo_listening_for_hints'
[INFO] [1636209921.537135]: [state:listening_for_hints] no new hints
[INFO] [1636209921.537937]: State machine transitioning 'robocluedo_listening_for_hints':'no_hints'-->'robocluedo_reasoning'
[INFO] [1636209921.560478]: State machine transitioning 'robocluedo_reasoning':'no_consistent_hp'-->'robocluedo_random_target'
[INFO] [1636209921.563652]: [state:random_target] actual position: bathroom | random target: library
[INFO] [1636209921.564750]: State machine transitioning 'robocluedo_random_target':'move_robot'-->'robocluedo_moving'
[ INFO] [1636209922.567306600]: [cluedo_oracle] publishing hint (ID:2, PROP:where, VALUE:kitchen)
[INFO] [1636209922.567342]: [state:moving] reached position: library 
[INFO] [1636209922.568587]: State machine transitioning 'robocluedo_moving':'target_reached_no_charge'-->'robocluedo_listening_for_hints'
[INFO] [1636209922.569482]: [state:listening_for_hints] received a hint
[INFO] [1636209922.570233]: State machine transitioning 'robocluedo_listening_for_hints':'received_a_hint'-->'robocluedo_update_ontology'
[INFO] [1636209922.571002]: [state:update_ontology] received hint: HP2(where:kitchen)
[INFO] [1636209922.598763]: [state:update_ontology] writing backup of the ontology...
[INFO] [1636209922.622401]: [state:update_ontology] ontology saved
[INFO] [1636209922.623564]: State machine transitioning 'robocluedo_update_ontology':'done'-->'robocluedo_reasoning'
[INFO] [1636209922.640207]: State machine transitioning 'robocluedo_reasoning':'no_consistent_hp'-->'robocluedo_random_target'
[INFO] [1636209922.642949]: [state:random_target] actual position: library | random target: billiardRoom
[INFO] [1636209922.643850]: State machine transitioning 'robocluedo_random_target':'move_robot'-->'robocluedo_moving'
[ INFO] [1636209923.646374600]: [cluedo_oracle] publishing hint (ID:3, PROP:who, VALUE:scarlett)
[INFO] [1636209923.646548]: [state:moving] reached position: billiardRoom 
[INFO] [1636209923.648277]: State machine transitioning 'robocluedo_moving':'target_reached_no_charge'-->'robocluedo_listening_for_hints'
[INFO] [1636209923.649313]: [state:listening_for_hints] received a hint
[INFO] [1636209923.650201]: State machine transitioning 'robocluedo_listening_for_hints':'received_a_hint'-->'robocluedo_update_ontology'
[INFO] [1636209923.650981]: [state:update_ontology] received hint: HP3(who:scarlett)
[INFO] [1636209923.699023]: [state:update_ontology] writing backup of the ontology...
[INFO] [1636209923.729421]: [state:update_ontology] ontology saved
[INFO] [1636209923.730586]: State machine transitioning 'robocluedo_update_ontology':'done'-->'robocluedo_reasoning'
[INFO] [1636209923.749159]: State machine transitioning 'robocluedo_reasoning':'no_consistent_hp'-->'robocluedo_random_target'
[INFO] [1636209923.752141]: [state:random_target] actual position: billiardRoom | random target: hall
[INFO] [1636209923.753113]: State machine transitioning 'robocluedo_random_target':'move_robot'-->'robocluedo_moving'
[ INFO] [1636209924.755703000]: [cluedo_oracle] hint requeste refused. 
[INFO] [1636209924.755848]: [state:moving] reached position: hall 
[INFO] [1636209924.757042]: State machine transitioning 'robocluedo_moving':'target_reached_no_charge'-->'robocluedo_listening_for_hints'
[INFO] [1636209924.758001]: [state:listening_for_hints] no new hints
[INFO] [1636209924.758787]: State machine transitioning 'robocluedo_listening_for_hints':'no_hints'-->'robocluedo_reasoning'
[INFO] [1636209924.776957]: State machine transitioning 'robocluedo_reasoning':'no_consistent_hp'-->'robocluedo_random_target'
[INFO] [1636209924.779772]: [state:random_target] actual position: hall | random target: study
[INFO] [1636209924.780743]: State machine transitioning 'robocluedo_random_target':'move_robot'-->'robocluedo_moving'
[ INFO] [1636209925.783552500]: [cluedo_oracle] hint requeste refused. 
[INFO] [1636209925.783571]: [state:moving] reached position: study 
[INFO] [1636209925.784727]: State machine transitioning 'robocluedo_moving':'target_reached_no_charge'-->'robocluedo_listening_for_hints'
[INFO] [1636209925.785708]: [state:listening_for_hints] no new hints
[INFO] [1636209925.786577]: State machine transitioning 'robocluedo_listening_for_hints':'no_hints'-->'robocluedo_reasoning'
[INFO] [1636209925.805778]: State machine transitioning 'robocluedo_reasoning':'no_consistent_hp'-->'robocluedo_random_target'
[INFO] [1636209925.808655]: [state:random_target] actual position: study | random target: billiardRoom
[INFO] [1636209925.809866]: State machine transitioning 'robocluedo_random_target':'move_robot'-->'robocluedo_moving'
[ INFO] [1636209926.813052900]: [cluedo_oracle] publishing hint (ID:0, PROP:what, VALUE:rope)
[INFO] [1636209926.813218]: [state:moving] reached position: billiardRoom 
[INFO] [1636209926.814555]: State machine transitioning 'robocluedo_moving':'target_reached_no_charge'-->'robocluedo_listening_for_hints'
[INFO] [1636209926.815575]: [state:listening_for_hints] received a hint
[INFO] [1636209926.816372]: State machine transitioning 'robocluedo_listening_for_hints':'received_a_hint'-->'robocluedo_update_ontology'
[INFO] [1636209926.817121]: [state:update_ontology] received hint: HP0(what:rope)
[INFO] [1636209926.870173]: [state:update_ontology] writing backup of the ontology...
[INFO] [1636209926.903485]: [state:update_ontology] ontology saved
[INFO] [1636209926.904640]: State machine transitioning 'robocluedo_update_ontology':'done'-->'robocluedo_reasoning'
[INFO] [1636209926.919493]: State machine transitioning 'robocluedo_reasoning':'no_consistent_hp'-->'robocluedo_random_target'
[INFO] [1636209926.922247]: [state:random_target] actual position: billiardRoom | random target: conservatory
[INFO] [1636209926.923191]: State machine transitioning 'robocluedo_random_target':'move_robot'-->'robocluedo_moving'
[ INFO] [1636209927.925900400]: [cluedo_oracle] hint requeste refused. 
[INFO] [1636209927.925994]: [state:moving] reached position: conservatory 
[INFO] [1636209927.927131]: State machine transitioning 'robocluedo_moving':'target_reached_no_charge'-->'robocluedo_listening_for_hints'
[INFO] [1636209927.928222]: [state:listening_for_hints] no new hints
[INFO] [1636209927.929284]: State machine transitioning 'robocluedo_listening_for_hints':'no_hints'-->'robocluedo_reasoning'
[INFO] [1636209927.943279]: State machine transitioning 'robocluedo_reasoning':'no_consistent_hp'-->'robocluedo_random_target'
[INFO] [1636209927.946100]: [state:random_target] actual position: conservatory | random target: diningRoom
[INFO] [1636209927.946968]: State machine transitioning 'robocluedo_random_target':'move_robot'-->'robocluedo_moving'
[ INFO] [1636209928.949897600]: [cluedo_oracle] hint requeste refused. 
[INFO] [1636209928.950036]: [state:moving] reached position: diningRoom 
[INFO] [1636209928.951250]: State machine transitioning 'robocluedo_moving':'target_reached_no_charge'-->'robocluedo_listening_for_hints'
[INFO] [1636209928.952419]: [state:listening_for_hints] no new hints
[INFO] [1636209928.953311]: State machine transitioning 'robocluedo_listening_for_hints':'no_hints'-->'robocluedo_reasoning'
[INFO] [1636209928.968522]: State machine transitioning 'robocluedo_reasoning':'no_consistent_hp'-->'robocluedo_random_target'
[INFO] [1636209928.971606]: [state:random_target] actual position: diningRoom | random target: conservatory
[INFO] [1636209928.972957]: State machine transitioning 'robocluedo_random_target':'move_robot'-->'robocluedo_moving'
[ INFO] [1636209929.975463600]: [cluedo_oracle] hint requeste refused. 
[INFO] [1636209929.975848]: [state:moving] reached position: conservatory 
[INFO] [1636209929.977100]: State machine transitioning 'robocluedo_moving':'target_reached_no_charge'-->'robocluedo_listening_for_hints'
[INFO] [1636209929.977916]: [state:listening_for_hints] no new hints
[INFO] [1636209929.978775]: State machine transitioning 'robocluedo_listening_for_hints':'no_hints'-->'robocluedo_reasoning'
[INFO] [1636209929.995796]: State machine transitioning 'robocluedo_reasoning':'no_consistent_hp'-->'robocluedo_random_target'
[INFO] [1636209930.000669]: [state:random_target] actual position: conservatory | random target: diningRoom
[INFO] [1636209930.002042]: State machine transitioning 'robocluedo_random_target':'move_robot'-->'robocluedo_moving'
[ INFO] [1636209931.005234300]: [cluedo_oracle] publishing hint (ID:0, PROP:who, VALUE:white)
[INFO] [1636209931.005377]: [state:moving] reached position: diningRoom 
[INFO] [1636209931.006596]: State machine transitioning 'robocluedo_moving':'target_reached_no_charge'-->'robocluedo_listening_for_hints'
[INFO] [1636209931.007598]: [state:listening_for_hints] received a hint
[INFO] [1636209931.008494]: State machine transitioning 'robocluedo_listening_for_hints':'received_a_hint'-->'robocluedo_update_ontology'
[INFO] [1636209931.009495]: [state:update_ontology] received hint: HP0(who:white)
[INFO] [1636209931.062663]: [state:update_ontology] writing backup of the ontology...
[INFO] [1636209931.096283]: [state:update_ontology] ontology saved
[INFO] [1636209931.097450]: State machine transitioning 'robocluedo_update_ontology':'done'-->'robocluedo_reasoning'
[INFO] [1636209931.113126]: State machine transitioning 'robocluedo_reasoning':'no_consistent_hp'-->'robocluedo_random_target'
[INFO] [1636209931.115917]: [state:random_target] actual position: diningRoom | random target: library
[INFO] [1636209931.116950]: State machine transitioning 'robocluedo_random_target':'move_robot'-->'robocluedo_moving'
[ INFO] [1636209932.119886400]: [cluedo_oracle] publishing hint (ID:0, PROP:where, VALUE:library)
[INFO] [1636209932.119900]: [state:moving] reached position: library 
[INFO] [1636209932.121744]: State machine transitioning 'robocluedo_moving':'target_reached_no_charge'-->'robocluedo_listening_for_hints'
[INFO] [1636209932.122775]: [state:listening_for_hints] received a hint
[INFO] [1636209932.123649]: State machine transitioning 'robocluedo_listening_for_hints':'received_a_hint'-->'robocluedo_update_ontology'
[INFO] [1636209932.124498]: [state:update_ontology] received hint: HP0(where:library)
[INFO] [1636209932.191930]: [state:update_ontology] writing backup of the ontology...
[INFO] [1636209932.240747]: [state:update_ontology] ontology saved
[INFO] [1636209932.242537]: State machine transitioning 'robocluedo_update_ontology':'done'-->'robocluedo_reasoning'
[INFO] [1636209932.270805]: [state:reasoning] complete hypotheses found: 1
[INFO] [1636209932.272564]: [state:reasoning] HP0(who:white, where:library, what:rope)
[INFO] [1636209932.273803]: [state:reasoning] selected hyp. with tag: HP0 | actual position: library
[INFO] [1636209932.275069]: State machine transitioning 'robocluedo_reasoning':'ready_for_charge'-->'robocluedo_charge'
[INFO] [1636209932.276268]: [state:charge] asking to the oracle: (who:white, where:library, what:rope)
[ INFO] [1636209932.279426400]: [cluedo_oracle] evaluating the solution WHERE[library]  WHO [white]  WHAT [rope] 
[ INFO] [1636209932.279500100]: [cluedo_oracle] SUCCESS! Found the solution. 
[INFO] [1636209932.279822]: [state:charge] mystery solved!
[INFO] [1636209932.281490]: State machine terminating 'robocluedo_charge':'case_solved':'mystery_solved'
[INFO] [1636209932.283071]: [robocluedo_main] elementary, Whatson. 
[INFO] [1636209934.286664]: [robocluedo_main] closing...
================================================================================REQUIRED process [robocluedo_main-7] has died!
process has finished cleanly
log file: /root/.ros/log/27ab6954-3f10-11ec-b804-0242ac110002/robocluedo_main-7*.log
Initiating shutdown!
================================================================================
[robocluedo_main-7] killing on exit
[cluedo_oracle-6] killing on exit
[cluedo_random_room-5] killing on exit
[cluedo_movement_controller-4] killing on exit
[cluedo_armor_interface-3] killing on exit
[armor_service-2] killing on exit
[rosout-1] killing on exit
[master] killing on exit
shutting down processing monitor...
... shutting down processing monitor complete
done
